lp - ERROR - 
lp - ERROR - Orgue Palissy non trouvé dans l'inventaire: <object OrguePalissyOpenData PM59001990 59 Zermezeele 59690 église Saint-Omer partie instrumentale de l'orgue>
lp - ERROR - PM possibles : PM59001990
lp - WARNING - Plus d'un édifice de l'inventaire correspondant à l'objet dans Palissy <object OrguePalissyOpenData PM36001338 36 La Châtre 36046 église Saint-Germain orgue portatif> !
lp - WARNING - Plus d'un édifice de l'inventaire correspondant à l'objet dans Palissy <object OrguePalissyOpenData PM49006171 49 Baugé 49018 église Saint-Pierre-et-Saint-Laurent orgue de choeur : buffet d’orgue> !
lp - WARNING - Plus d'un édifice de l'inventaire correspondant à l'objet dans Palissy <object OrguePalissyOpenData PM49006170 49 Baugé 49018 église Saint-Pierre-et-Saint-Laurent orgue de choeur : partie instrumentale de l’orgue> !
lp - ERROR - 
lp - ERROR - Orgue Palissy non trouvé dans l'inventaire: <object OrguePalissyOpenData PM68002085 68 Pfaffenheim 68255 chapelle de pèlerinage Notre-Dame du Schauenberg  orgue de tribune : partie instrumentale de l’orgue>
lp - ERROR - PM possibles : PM68002085,PM68002086,PM68002084
lp - ERROR -    Palissy    : de-pèlerinage-notre-dame-du-schauenberg
lp - ERROR -    Inventaire : saint-martin, 
lp - ERROR - 
lp - ERROR - Orgue Palissy non trouvé dans l'inventaire: <object OrguePalissyOpenData PM14001314 14 Rosel 14542 collection particulière orgue mécanique : poïkilorgue>
lp - ERROR - PM possibles : PM14001314
lp - ERROR -    Palissy    : collection-particulière
lp - ERROR -    Inventaire : saint-martin, 
lp - ERROR - 
lp - ERROR - Orgue Palissy non trouvé dans l'inventaire: <object OrguePalissyOpenData PM17002170 17 La Rochelle 17300 square Valin architecture légère ou démontable dit manège Bayol et son orgue mécanique>
lp - ERROR - PM possibles : PM17002170
lp - ERROR -    Palissy    : square-valin
lp - ERROR -    Inventaire : saint-louis, G.O.
lp - ERROR -    Palissy    : square-valin
lp - ERROR -    Inventaire : saint-louis, O.C.
lp - ERROR -    Palissy    : square-valin
lp - ERROR -    Inventaire : nationale-de-musique-et-de-danse, 
lp - ERROR -    Palissy    : square-valin
lp - ERROR -    Inventaire : notre-dame, G.O.
lp - ERROR -    Palissy    : square-valin
lp - ERROR -    Inventaire : notre-dame, O.C.
lp - ERROR -    Palissy    : square-valin
lp - ERROR -    Inventaire : saint-jean-baptiste-de-villeneuve, 
lp - ERROR -    Palissy    : square-valin
lp - ERROR -    Inventaire : saint-sauveur, 
lp - ERROR -    Palissy    : square-valin
lp - ERROR -    Inventaire : sainte-jeanne-d'arc-de-fetilly, 
lp - ERROR -    Palissy    : square-valin
lp - ERROR -    Inventaire : notre-dame-de-la-providence, 
lp - ERROR -    Palissy    : square-valin
lp - ERROR -    Inventaire : orgue-de-m.-burgelin-à-son-domicile, 
lp - ERROR -    Palissy    : square-valin
lp - ERROR -    Inventaire : orgue-de-m.-verlhac-à-st-pierre-de-laleu, 
lp - ERROR -    Palissy    : square-valin
lp - ERROR -    Inventaire : de-l’eglise-reformee, 
lp - ERROR - 
lp - ERROR - Orgue Palissy non trouvé dans l'inventaire: <object OrguePalissyOpenData PM59007556 59 Sainghin-en-Mélantois 59523 église Saint-Nicolas buffet d’orgues, ancien retable de Saint-Sébastien>
lp - ERROR - PM possibles : PM59007556
lp - ERROR - 
lp - ERROR - Orgue Palissy non trouvé dans l'inventaire: <object OrguePalissyOpenData PM59008091 59 Préseau 59471 église Sainte-Aldegonde buffet d’orgue avec statue : Saint Antoine>
lp - ERROR - PM possibles : PM59008091
lp - ERROR - 
lp - ERROR - Orgue Palissy non trouvé dans l'inventaire: <object OrguePalissyOpenData PM68002086 68 Pfaffenheim 68255 chapelle de pèlerinage Notre-Dame du Schauenberg  orgue de tribune : buffet d’orgue>
lp - ERROR - PM possibles : PM68002085,PM68002086,PM68002084
lp - ERROR -    Palissy    : de-pèlerinage-notre-dame-du-schauenberg
lp - ERROR -    Inventaire : saint-martin, 
lp - ERROR - 
lp - ERROR - Orgue Palissy non trouvé dans l'inventaire: <object OrguePalissyOpenData PM80005150 80 Airaines 80013 église Saint-Denis-l'Aréopagite buffet d'orgue (console)>
lp - ERROR - PM possibles : PM80005150
lp - ERROR - 
lp - ERROR - Orgue Palissy non trouvé dans l'inventaire: <object OrguePalissyOpenData PM59001874 59 Caëstre 59120 église Saint-Omer orgue de tribune : buffet d'orgue>
lp - ERROR - PM possibles : PM59001874,PM59001873
lp - ERROR -    Palissy    : saint-omer
lp - ERROR -    Inventaire : notre-dame-de-grâce, 
lp - ERROR - 
lp - ERROR - Orgue Palissy non trouvé dans l'inventaire: <object OrguePalissyOpenData PM59001940 59 Renescure 59496 église Notre-Dame orgue de tribune : buffet d'orgue>
lp - ERROR - PM possibles : PM59001940,PM59001939
lp - WARNING - Code INSEE Palissy non trouvé dans l'inventaire mais ancienne commune si. : 80486.
lp - WARNING - Code INSEE Palissy non trouvé dans l'inventaire mais ancienne commune si. : 80486.
lp - WARNING - Code INSEE Palissy non trouvé dans l'inventaire mais ancienne commune si. : 80486.
lp - WARNING - Code INSEE Palissy non trouvé dans l'inventaire mais ancienne commune si. : 80486.
lp - ERROR - 
lp - ERROR - Orgue Palissy non trouvé dans l'inventaire: <object OrguePalissyOpenData PM80000842 80 Long 80486 église Saint-Jean-Baptiste orgue de tribune : buffet d'orgue>
lp - ERROR - PM possibles : PM80000842,PM80000838,PM80001681
lp - ERROR -    Palissy    : saint-jean-baptiste
lp - ERROR -    Inventaire : saint-martin, 
lp - ERROR -    Palissy    : saint-jean-baptiste
lp - ERROR -    Inventaire : saint-dagobert, 
lp - ERROR -    Palissy    : saint-jean-baptiste
lp - ERROR -    Inventaire : sainte-trinite, 
lp - ERROR -    Palissy    : saint-jean-baptiste
lp - ERROR -    Inventaire : saint-martin, 
lp - WARNING - Plus d'un édifice de l'inventaire correspondant à l'objet dans Palissy <object OrguePalissyOpenData PM67000968 67 Strasbourg 67482 église protestante Saint-Nicolas orgue de tribune : buffet d'orgue> !
lp - ERROR - 
lp - ERROR - Orgue Palissy non trouvé dans l'inventaire: <object OrguePalissyOpenData PM67001037 67 Kolbsheim 67247 église simultanée Saint-Léger orgue de tribune : buffet d'orgue>
lp - ERROR - PM possibles : PM67001037,PM67001036
lp - ERROR - 
lp - ERROR - Orgue Palissy non trouvé dans l'inventaire: <object OrguePalissyOpenData PM61002184 61 Longny les Villages 61230 église Notre-Dame-de-l'Assomption buffet d'orgue>
lp - ERROR - PM possibles : PM61002184
lp - ERROR -    Palissy    : notre-dame-de-l'assomption
lp - ERROR -    Inventaire : saint-martin, 
lp - ERROR - 
lp - ERROR - Orgue Palissy non trouvé dans l'inventaire: <object OrguePalissyOpenData PM71000818 71 Saint-Vincent-des-Prés 71488 église orgue de tribune : buffet d'orgue>
lp - ERROR - PM possibles : PM71000818,PM71001076
lp - WARNING - Plus d'un édifice de l'inventaire correspondant à l'objet dans Palissy <object OrguePalissyOpenData PM68000072 68 Guebwiller 68112 église paroissiale Notre-Dame orgue de tribune : buffet d'orgue> !
lp - ERROR - 
lp - ERROR - Orgue Palissy non trouvé dans l'inventaire: <object OrguePalissyOpenData PM80000729 80 Le Hamel 80411 église orgue de tribune : buffet d'orgue>
lp - ERROR - PM possibles : PM80000729,PM80001679
lp - ERROR - 
lp - ERROR - Orgue Palissy non trouvé dans l'inventaire: <object OrguePalissyOpenData PM06001705 06 Nice 06088 maison dite Villa Beau-Site orgue positif : buffet d'orgue>
lp - ERROR - PM possibles : PM06001705
lp - ERROR -    Palissy    : maison-dite-villa-beau-site
lp - ERROR -    Inventaire : sainte-reparate, G.O.
lp - ERROR -    Palissy    : maison-dite-villa-beau-site
lp - ERROR -    Inventaire : sainte-reparate, O.C.
lp - ERROR -    Palissy    : maison-dite-villa-beau-site
lp - ERROR -    Inventaire : de-l'ecole-de-la-providence, 
lp - ERROR -    Palissy    : maison-dite-villa-beau-site
lp - ERROR -    Inventaire : de-la-misericorde, 
lp - ERROR -    Palissy    : maison-dite-villa-beau-site
lp - ERROR -    Inventaire : de-la-tres-sainte-trinite, 
lp - ERROR -    Palissy    : maison-dite-villa-beau-site
lp - ERROR -    Inventaire : des-penitents-bleus, 
lp - ERROR -    Palissy    : maison-dite-villa-beau-site
lp - ERROR -    Inventaire : hôpital-sainte-marie, 
lp - ERROR -    Palissy    : maison-dite-villa-beau-site
lp - ERROR -    Inventaire : sainte-rita, 
lp - ERROR -    Palissy    : maison-dite-villa-beau-site
lp - ERROR -    Inventaire : conservatoire-national-de-region, 
lp - ERROR -    Palissy    : maison-dite-villa-beau-site
lp - ERROR -    Inventaire : conservatoire-national-de-region, 
lp - ERROR -    Palissy    : maison-dite-villa-beau-site
lp - ERROR -    Inventaire : conservatoire-national-de-region, 
lp - ERROR -    Palissy    : maison-dite-villa-beau-site
lp - ERROR -    Inventaire : conservatoire-national-de-region, 
lp - ERROR -    Palissy    : maison-dite-villa-beau-site
lp - ERROR -    Inventaire : conservatoire-national-de-region, 
lp - ERROR -    Palissy    : maison-dite-villa-beau-site
lp - ERROR -    Inventaire : , 
lp - ERROR -    Palissy    : maison-dite-villa-beau-site
lp - ERROR -    Inventaire : du-sacre-cœur, 
lp - ERROR -    Palissy    : maison-dite-villa-beau-site
lp - ERROR -    Inventaire : jeanne-d'arc, 
lp - ERROR -    Palissy    : maison-dite-villa-beau-site
lp - ERROR -    Inventaire : jeanne-d'arc, 
lp - ERROR -    Palissy    : maison-dite-villa-beau-site
lp - ERROR -    Inventaire : , 
lp - ERROR -    Palissy    : maison-dite-villa-beau-site
lp - ERROR -    Inventaire : notre-dame, G.O.
lp - ERROR -    Palissy    : maison-dite-villa-beau-site
lp - ERROR -    Inventaire : notre-dame, O.C.
lp - ERROR -    Palissy    : maison-dite-villa-beau-site
lp - ERROR -    Inventaire : notre-dame-auxiliatrice, 
lp - ERROR -    Palissy    : maison-dite-villa-beau-site
lp - ERROR -    Inventaire : notre-dame-de-l'assomption, 
lp - ERROR -    Palissy    : maison-dite-villa-beau-site
lp - ERROR -    Inventaire : notre-dame-du-port, 
lp - ERROR -    Palissy    : maison-dite-villa-beau-site
lp - ERROR -    Inventaire : de-france, 
lp - ERROR -    Palissy    : maison-dite-villa-beau-site
lp - ERROR -    Inventaire : saint-augustin, 
lp - ERROR -    Palissy    : maison-dite-villa-beau-site
lp - ERROR -    Inventaire : saint-barthelemy, 
lp - ERROR -    Palissy    : maison-dite-villa-beau-site
lp - ERROR -    Inventaire : sainte-helene, 
lp - ERROR -    Palissy    : maison-dite-villa-beau-site
lp - ERROR -    Inventaire : saint-etienne, 
lp - ERROR -    Palissy    : maison-dite-villa-beau-site
lp - ERROR -    Inventaire : saint-françois-de-paule, 
lp - ERROR -    Palissy    : maison-dite-villa-beau-site
lp - ERROR -    Inventaire : saint-jacques-dite-du-gesù, 
lp - ERROR -    Palissy    : maison-dite-villa-beau-site
lp - ERROR -    Inventaire : saint-jean-baptiste, G.O.
lp - ERROR -    Palissy    : maison-dite-villa-beau-site
lp - ERROR -    Inventaire : saint-jean-baptiste, O.C. 1
lp - ERROR -    Palissy    : maison-dite-villa-beau-site
lp - ERROR -    Inventaire : saint-jean-baptiste, O.C. 2
lp - ERROR -    Palissy    : maison-dite-villa-beau-site
lp - ERROR -    Inventaire : saint-paul, 
lp - ERROR -    Palissy    : maison-dite-villa-beau-site
lp - ERROR -    Inventaire : saint-pierre-d'arene, G.O.
lp - ERROR -    Palissy    : maison-dite-villa-beau-site
lp - ERROR -    Inventaire : saint-pierre-d'arene, O.C.
lp - ERROR -    Palissy    : maison-dite-villa-beau-site
lp - ERROR -    Inventaire : saint-roch, 
lp - ERROR -    Palissy    : maison-dite-villa-beau-site
lp - ERROR -    Inventaire : , 
lp - ERROR -    Palissy    : maison-dite-villa-beau-site
lp - ERROR -    Inventaire : sainte-reparate, positif
lp - ERROR - 
lp - ERROR - Orgue Palissy non trouvé dans l'inventaire: <object OrguePalissyOpenData PM70000523 70 Faucogney-et-la-Mer 70227 église Saint-Georges orgue de tribune : buffet d'orgue>
lp - ERROR - PM possibles : PM70000523,PM70000515,PM70003794
lp - ERROR -    Palissy    : saint-georges
lp - ERROR -    Inventaire : saint-martin, 
lp - WARNING - Plus d'un édifice de l'inventaire correspondant à l'objet dans Palissy <object OrguePalissyOpenData PM55002735 55 Bar-le-Duc 55029 église Saint-Antoine buffet d'orgue de choeur> !
lp - ERROR - 
lp - ERROR - Orgue Palissy non trouvé dans l'inventaire: <object OrguePalissyOpenData PM78001982 78 Chambourcy 78133 église Saint-Saturnin fragments du buffet d'orgue>
lp - ERROR - PM possibles : PM78001982
lp - ERROR -    Palissy    : saint-saturnin
lp - ERROR -    Inventaire : sainte-clotilde, 
lp - ERROR - 
lp - ERROR - Orgue Palissy non trouvé dans l'inventaire: <object OrguePalissyOpenData PM80003232 80 Flixecourt 80318 église Saint-Léger buffet d'orgue>
lp - ERROR - PM possibles : PM80003232
lp - ERROR - 
lp - ERROR - Orgue Palissy non trouvé dans l'inventaire: <object OrguePalissyOpenData PM76002119 76 Rouen 76540 église Saint-Vincent buffet d'orgue>
lp - ERROR - PM possibles : PM76002119
lp - ERROR -    Palissy    : saint-vincent
lp - ERROR -    Inventaire : saint-ouen, G.O.
lp - ERROR -    Palissy    : saint-vincent
lp - ERROR -    Inventaire : saint-ouen, O.C.
lp - ERROR -    Palissy    : saint-vincent
lp - ERROR -    Inventaire : notre-dame, G.O.
lp - ERROR -    Palissy    : saint-vincent
lp - ERROR -    Inventaire : notre-dame, O.C.
lp - ERROR -    Palissy    : saint-vincent
lp - ERROR -    Inventaire : de-l'hôpital-charles-nicolle, 
lp - ERROR -    Palissy    : saint-vincent
lp - ERROR -    Inventaire : de-la-congregation-des-sœurs-du-sacre-cœur-d'ernemont, 
lp - ERROR -    Palissy    : saint-vincent
lp - ERROR -    Inventaire : du-couvent-des-benedictines-du-saint-sacrement, G.O.
lp - ERROR -    Palissy    : saint-vincent
lp - ERROR -    Inventaire : du-couvent-des-benedictines-du-saint-sacrement, O.C.
lp - ERROR -    Palissy    : saint-vincent
lp - ERROR -    Inventaire : du-couvent-saint-anne, 
lp - ERROR -    Palissy    : saint-vincent
lp - ERROR -    Inventaire : du-pensionnat-saint-jean-baptiste-de-la-salle, 
lp - ERROR -    Palissy    : saint-vincent
lp - ERROR -    Inventaire : cnr-salle-de-travail, 
lp - ERROR -    Palissy    : saint-vincent
lp - ERROR -    Inventaire : cnr-salle-marcel-dupre, 
lp - ERROR -    Palissy    : saint-vincent
lp - ERROR -    Inventaire : du-sacre-cœur, 
lp - ERROR -    Palissy    : saint-vincent
lp - ERROR -    Inventaire : norvegienne, 
lp - ERROR -    Palissy    : saint-vincent
lp - ERROR -    Inventaire : saint-clement, G.O.
lp - ERROR -    Palissy    : saint-vincent
lp - ERROR -    Inventaire : saint-clement, O.C.
lp - ERROR -    Palissy    : saint-vincent
lp - ERROR -    Inventaire : sainte-jeanne-d'arc, 
lp - ERROR -    Palissy    : saint-vincent
lp - ERROR -    Inventaire : sainte-madeleine, G.O.
lp - ERROR -    Palissy    : saint-vincent
lp - ERROR -    Inventaire : sainte-madeleine, O.C.
lp - ERROR -    Palissy    : saint-vincent
lp - ERROR -    Inventaire : saint-gervais, 
lp - ERROR -    Palissy    : saint-vincent
lp - ERROR -    Inventaire : saint-godard, G.O.
lp - ERROR -    Palissy    : saint-vincent
lp - ERROR -    Inventaire : saint-godard, O.C.
lp - ERROR -    Palissy    : saint-vincent
lp - ERROR -    Inventaire : saint-hilaire, 
lp - ERROR -    Palissy    : saint-vincent
lp - ERROR -    Inventaire : saint-joseph, 
lp - ERROR -    Palissy    : saint-vincent
lp - ERROR -    Inventaire : saint-maclou, 
lp - ERROR -    Palissy    : saint-vincent
lp - ERROR -    Inventaire : saint-nicaise, G.O.
lp - ERROR -    Palissy    : saint-vincent
lp - ERROR -    Inventaire : saint-nicaise, O.C.
lp - ERROR -    Palissy    : saint-vincent
lp - ERROR -    Inventaire : saint-patrice, G.O.
lp - ERROR -    Palissy    : saint-vincent
lp - ERROR -    Inventaire : saint-patrice, O.C.
lp - ERROR -    Palissy    : saint-vincent
lp - ERROR -    Inventaire : saint-paul, G.O.
lp - ERROR -    Palissy    : saint-vincent
lp - ERROR -    Inventaire : saint-paul, O.C.
lp - ERROR -    Palissy    : saint-vincent
lp - ERROR -    Inventaire : saint-romain, 
lp - ERROR -    Palissy    : saint-vincent
lp - ERROR -    Inventaire : saint-sever, G.O.
lp - ERROR -    Palissy    : saint-vincent
lp - ERROR -    Inventaire : saint-sever, O.C.
lp - ERROR -    Palissy    : saint-vincent
lp - ERROR -    Inventaire : saint-vivien, G.O.
lp - ERROR -    Palissy    : saint-vincent
lp - ERROR -    Inventaire : saint-vivien, O.C.
lp - ERROR -    Palissy    : saint-vincent
lp - ERROR -    Inventaire : parc-instrumental-positif-de-haute-normandie, 
lp - ERROR -    Palissy    : saint-vincent
lp - ERROR -    Inventaire : saint-eloi, 
lp - ERROR -    Palissy    : saint-vincent
lp - ERROR -    Inventaire : theâtre-des-arts, 
lp - WARNING - Plus d'un édifice de l'inventaire correspondant à l'objet dans Palissy <object OrguePalissyOpenData PM67000975 67 Strasbourg 67482 église protestante Saint-Paul orgue de tribune : buffet d'orgue ; garde-corps de tribune> !
lp - ERROR - 
lp - ERROR - Orgue Palissy non trouvé dans l'inventaire: <object OrguePalissyOpenData PM59001917 59 Lille 59350 église Saint-Vincent-de-Paul orgue de tribune : buffet d'orgue>
lp - ERROR - PM possibles : PM59001917,PM59001918,PM59001916
lp - ERROR -    Palissy    : saint-vincent-de-paul
lp - ERROR -    Inventaire : du-saint-sacrement, 
lp - ERROR -    Palissy    : saint-vincent-de-paul
lp - ERROR -    Inventaire : notre-dame, 
lp - ERROR -    Palissy    : saint-vincent-de-paul
lp - ERROR -    Inventaire : saint-denis, 
lp - ERROR -    Palissy    : saint-vincent-de-paul
lp - ERROR -    Inventaire : cathedrale-notre-dame-de-la-treille, G.O.
lp - ERROR -    Palissy    : saint-vincent-de-paul
lp - ERROR -    Inventaire : cathedrale-notre-dame-de-la-treille, O.C.
lp - ERROR -    Palissy    : saint-vincent-de-paul
lp - ERROR -    Inventaire : des-franciscaines, 
lp - ERROR -    Palissy    : saint-vincent-de-paul
lp - ERROR -    Inventaire : christ-church, 
lp - ERROR -    Palissy    : saint-vincent-de-paul
lp - ERROR -    Inventaire : conservatoire-de-musique,-salle-lannoy, 
lp - ERROR -    Palissy    : saint-vincent-de-paul
lp - ERROR -    Inventaire : notre-dame-de-pellevoisin, 
lp - ERROR -    Palissy    : saint-vincent-de-paul
lp - ERROR -    Inventaire : notre-dame-des-victoires, 
lp - ERROR -    Palissy    : saint-vincent-de-paul
lp - ERROR -    Inventaire : notre-dame-de-consolation, 
lp - ERROR -    Palissy    : saint-vincent-de-paul
lp - ERROR -    Inventaire : du-sacre-cœur, G.O.
lp - ERROR -    Palissy    : saint-vincent-de-paul
lp - ERROR -    Inventaire : du-sacre-cœur, O.C.
lp - ERROR -    Palissy    : saint-vincent-de-paul
lp - ERROR -    Inventaire : saint-andre, G.O.
lp - ERROR -    Palissy    : saint-vincent-de-paul
lp - ERROR -    Inventaire : saint-andre, O.C.
lp - ERROR -    Palissy    : saint-vincent-de-paul
lp - ERROR -    Inventaire : saint-etienne, 
lp - ERROR -    Palissy    : saint-vincent-de-paul
lp - ERROR -    Inventaire : saint-martin-d'esquermes, 
lp - ERROR -    Palissy    : saint-vincent-de-paul
lp - ERROR -    Inventaire : saint-maurice, G.O.
lp - ERROR -    Palissy    : saint-vincent-de-paul
lp - ERROR -    Inventaire : saint-maurice, O.C.
lp - ERROR -    Palissy    : saint-vincent-de-paul
lp - ERROR -    Inventaire : saint-michel, 
lp - ERROR -    Palissy    : saint-vincent-de-paul
lp - ERROR -    Inventaire : saint-pierre-saint-paul, 
lp - ERROR -    Palissy    : saint-vincent-de-paul
lp - ERROR -    Inventaire : saint-sauveur, G.O.
lp - ERROR -    Palissy    : saint-vincent-de-paul
lp - ERROR -    Inventaire : saint-sauveur, O.C.
lp - ERROR -    Palissy    : saint-vincent-de-paul
lp - ERROR -    Inventaire : sainte-catherine, 
lp - ERROR -    Palissy    : saint-vincent-de-paul
lp - ERROR -    Inventaire : sainte-marie-madeleine, 
lp - ERROR -    Palissy    : saint-vincent-de-paul
lp - ERROR -    Inventaire : hôpital-saint-sauveur,-chapelle, 
lp - ERROR -    Palissy    : saint-vincent-de-paul
lp - ERROR -    Inventaire : , 
lp - ERROR -    Palissy    : saint-vincent-de-paul
lp - ERROR -    Inventaire : notre-dame-de-la-barriere, 
lp - ERROR -    Palissy    : saint-vincent-de-paul
lp - ERROR -    Inventaire : notre-dame-de-lourdes, 
lp - ERROR -    Palissy    : saint-vincent-de-paul
lp - ERROR -    Inventaire : notre-dame-de-la-visitation, 
lp - ERROR -    Palissy    : saint-vincent-de-paul
lp - ERROR -    Inventaire : saint-denis, 
lp - ERROR - 
lp - ERROR - Orgue Palissy non trouvé dans l'inventaire: <object OrguePalissyOpenData PM61001349 61 Rives d'Andaine 61096 église Notre-Dame buffet d'orgue>
lp - ERROR - PM possibles : PM61001349
lp - ERROR -    Palissy    : notre-dame
lp - ERROR -    Inventaire : sainte-genevieve-des-andaines, 
lp - ERROR - 
lp - ERROR - Orgue Palissy non trouvé dans l'inventaire: <object OrguePalissyOpenData PM59000360 59 Curgies 59166 église de l'Immaculée-Conception orgue de tribune : tribune et buffet d'orgue>
lp - ERROR - PM possibles : PM59000360,PM59001885
lp - ERROR - 
lp - ERROR - Orgue Palissy non trouvé dans l'inventaire: <object OrguePalissyOpenData PM22002071 22 Paimpol 22162 église buffet d'orgue>
lp - ERROR - PM possibles : PM22002071
lp - ERROR -    Palissy    : 
lp - ERROR -    Inventaire : notre-dame-de-bonne-nouvelle, 
lp - ERROR -    Palissy    : 
lp - ERROR -    Inventaire : saint-pierre, 
lp - ERROR - 
lp - ERROR - Orgue Palissy non trouvé dans l'inventaire: <object OrguePalissyOpenData PM91000216 91 La Ferté-Alais 91323 église Notre-Dame orgue de tribune : tribune d'orgue ; buffet d'orgue>
lp - ERROR - PM possibles : PM91000216,PM91000764
lp - ERROR - 
lp - ERROR - Orgue Palissy non trouvé dans l'inventaire: <object OrguePalissyOpenData PM80001487 80 Hombleux 80442 église orgue de tribune : buffet d'orgue>
lp - ERROR - PM possibles : PM80001487,PM80001680
lp - ERROR - 
lp - ERROR - Orgue Palissy non trouvé dans l'inventaire: <object OrguePalissyOpenData PM18000934 18 Rians 18194 Église paroissiale Buffet d'orgue en trompe-l'il>
lp - ERROR - PM possibles : PM18000934
lp - ERROR - 
lp - ERROR - Orgue Palissy non trouvé dans l'inventaire: <object OrguePalissyOpenData PM2B000803 2B Canari 2B058 église Saint-François orgue de tribune : buffet d'orgue ; tribune d'orgue>
lp - ERROR - PM possibles : PM2B000803,PM2B000804,PM2B000802
lp - ERROR -    Palissy    : saint-françois
lp - ERROR -    Inventaire : notre-dame-de-l'assomption, 
lp - ERROR - 
lp - ERROR - Orgue Palissy non trouvé dans l'inventaire: <object OrguePalissyOpenData PM2B000843 2B Brando 2B043 église paroissiale de l'Annonciation orgue de tribune : buffet d'orgue ; tribune d'orgue>
lp - ERROR - PM possibles : PM2B000843,PM2B000842
lp - ERROR -    Palissy    : de-l'annonciation
lp - ERROR -    Inventaire : notre-dame-des-grâces, 
lp - ERROR -    Palissy    : de-l'annonciation
lp - ERROR -    Inventaire : saint-erasme, 
lp - ERROR -    Palissy    : de-l'annonciation
lp - ERROR -    Inventaire : notre-dame-de-l’assomption, 
lp - ERROR -    Palissy    : de-l'annonciation
lp - ERROR -    Inventaire : saint-barthelemy, 
lp - ERROR -    Palissy    : de-l'annonciation
lp - ERROR -    Inventaire : sainte-marie, 
lp - WARNING - Plus d'un édifice de l'inventaire correspondant à l'objet dans Palissy <object OrguePalissyOpenData PM62005704 62 Saint-Omer 62765 église Saint-Sépulcre buffet d'orgue, garde-corps de tribune et deux statues : Saint Pierre et Saint Paul> !
lp - ERROR - 
lp - ERROR - Orgue Palissy non trouvé dans l'inventaire: <object OrguePalissyOpenData PM59001971 59 Vieux-Reng 59618 église Saint-Cyriaque orgue de tribune : buffet d'orgue>
lp - ERROR - PM possibles : PM59001971,PM59001970
lp - WARNING - Plus d'un édifice de l'inventaire correspondant à l'objet dans Palissy <object OrguePalissyOpenData PM67001053 67 Lembach 67263 église protestante orgue de tribune : buffet d'orgue> !
lp - WARNING - Plus d'un édifice de l'inventaire correspondant à l'objet dans Palissy <object OrguePalissyOpenData PM54001738 54 Nancy 54395 temple protestant buffet d'orgues> !
lp - WARNING - Plus d'un édifice de l'inventaire correspondant à l'objet dans Palissy <object OrguePalissyOpenData PM82001618 82 Montauban 82121 église Saint-Jacques buffet d'orgue> !
lp - WARNING - Plus d'un édifice de l'inventaire correspondant à l'objet dans Palissy <object OrguePalissyOpenData PM03000351 03 Moulins 03190 cathédrale Notre-Dame orgue de tribune : partie instrumentale de l'orgue> !
lp - ERROR - 
lp - ERROR - Orgue Palissy non trouvé dans l'inventaire: <object OrguePalissyOpenData PM59001918 59 Lille 59350 église Saint-Vincent-de-Paul orgue de tribune : partie instrumentale de l'orgue>
lp - ERROR - PM possibles : PM59001917,PM59001918,PM59001916
lp - ERROR -    Palissy    : saint-vincent-de-paul
lp - ERROR -    Inventaire : du-saint-sacrement, 
lp - ERROR -    Palissy    : saint-vincent-de-paul
lp - ERROR -    Inventaire : notre-dame, 
lp - ERROR -    Palissy    : saint-vincent-de-paul
lp - ERROR -    Inventaire : saint-denis, 
lp - ERROR -    Palissy    : saint-vincent-de-paul
lp - ERROR -    Inventaire : cathedrale-notre-dame-de-la-treille, G.O.
lp - ERROR -    Palissy    : saint-vincent-de-paul
lp - ERROR -    Inventaire : cathedrale-notre-dame-de-la-treille, O.C.
lp - ERROR -    Palissy    : saint-vincent-de-paul
lp - ERROR -    Inventaire : des-franciscaines, 
lp - ERROR -    Palissy    : saint-vincent-de-paul
lp - ERROR -    Inventaire : christ-church, 
lp - ERROR -    Palissy    : saint-vincent-de-paul
lp - ERROR -    Inventaire : conservatoire-de-musique,-salle-lannoy, 
lp - ERROR -    Palissy    : saint-vincent-de-paul
lp - ERROR -    Inventaire : notre-dame-de-pellevoisin, 
lp - ERROR -    Palissy    : saint-vincent-de-paul
lp - ERROR -    Inventaire : notre-dame-des-victoires, 
lp - ERROR -    Palissy    : saint-vincent-de-paul
lp - ERROR -    Inventaire : notre-dame-de-consolation, 
lp - ERROR -    Palissy    : saint-vincent-de-paul
lp - ERROR -    Inventaire : du-sacre-cœur, G.O.
lp - ERROR -    Palissy    : saint-vincent-de-paul
lp - ERROR -    Inventaire : du-sacre-cœur, O.C.
lp - ERROR -    Palissy    : saint-vincent-de-paul
lp - ERROR -    Inventaire : saint-andre, G.O.
lp - ERROR -    Palissy    : saint-vincent-de-paul
lp - ERROR -    Inventaire : saint-andre, O.C.
lp - ERROR -    Palissy    : saint-vincent-de-paul
lp - ERROR -    Inventaire : saint-etienne, 
lp - ERROR -    Palissy    : saint-vincent-de-paul
lp - ERROR -    Inventaire : saint-martin-d'esquermes, 
lp - ERROR -    Palissy    : saint-vincent-de-paul
lp - ERROR -    Inventaire : saint-maurice, G.O.
lp - ERROR -    Palissy    : saint-vincent-de-paul
lp - ERROR -    Inventaire : saint-maurice, O.C.
lp - ERROR -    Palissy    : saint-vincent-de-paul
lp - ERROR -    Inventaire : saint-michel, 
lp - ERROR -    Palissy    : saint-vincent-de-paul
lp - ERROR -    Inventaire : saint-pierre-saint-paul, 
lp - ERROR -    Palissy    : saint-vincent-de-paul
lp - ERROR -    Inventaire : saint-sauveur, G.O.
lp - ERROR -    Palissy    : saint-vincent-de-paul
lp - ERROR -    Inventaire : saint-sauveur, O.C.
lp - ERROR -    Palissy    : saint-vincent-de-paul
lp - ERROR -    Inventaire : sainte-catherine, 
lp - ERROR -    Palissy    : saint-vincent-de-paul
lp - ERROR -    Inventaire : sainte-marie-madeleine, 
lp - ERROR -    Palissy    : saint-vincent-de-paul
lp - ERROR -    Inventaire : hôpital-saint-sauveur,-chapelle, 
lp - ERROR -    Palissy    : saint-vincent-de-paul
lp - ERROR -    Inventaire : , 
lp - ERROR -    Palissy    : saint-vincent-de-paul
lp - ERROR -    Inventaire : notre-dame-de-la-barriere, 
lp - ERROR -    Palissy    : saint-vincent-de-paul
lp - ERROR -    Inventaire : notre-dame-de-lourdes, 
lp - ERROR -    Palissy    : saint-vincent-de-paul
lp - ERROR -    Inventaire : notre-dame-de-la-visitation, 
lp - ERROR -    Palissy    : saint-vincent-de-paul
lp - ERROR -    Inventaire : saint-denis, 
lp - ERROR - 
lp - ERROR - Orgue Palissy non trouvé dans l'inventaire: <object OrguePalissyOpenData PM2B000672 2B Bastia 2B033 église de la Confrérie Sainte-Croix orgue de tribune : partie instrumentale de l'orgue>
lp - ERROR - PM possibles : PM2B000672,PM2B000795
lp - ERROR -    Palissy    : de-la-confrérie-sainte-croix
lp - ERROR -    Inventaire : de-l'immaculee-conception, 
lp - ERROR -    Palissy    : de-la-confrérie-sainte-croix
lp - ERROR -    Inventaire : saint-roch, 
lp - ERROR -    Palissy    : de-la-confrérie-sainte-croix
lp - ERROR -    Inventaire : notre-dame-de-lourdes, 
lp - ERROR -    Palissy    : de-la-confrérie-sainte-croix
lp - ERROR -    Inventaire : saint-etienne, 
lp - ERROR -    Palissy    : de-la-confrérie-sainte-croix
lp - ERROR -    Inventaire : sainte-croix, 
lp - ERROR -    Palissy    : de-la-confrérie-sainte-croix
lp - ERROR -    Inventaire : saint-charles, 
lp - ERROR -    Palissy    : de-la-confrérie-sainte-croix
lp - ERROR -    Inventaire : saint-jean-baptiste, G.O.
lp - ERROR -    Palissy    : de-la-confrérie-sainte-croix
lp - ERROR -    Inventaire : saint-jean-baptiste, O.C.
lp - ERROR -    Palissy    : de-la-confrérie-sainte-croix
lp - ERROR -    Inventaire : sainte-marie, 
lp - ERROR - 
lp - ERROR - Orgue Palissy non trouvé dans l'inventaire: <object OrguePalissyOpenData PM74000626 74 Ferrières 74125 église orgue de tribune : partie instrumentale de l'orgue>
lp - ERROR - PM possibles : PM74000626,PM74000666
lp - ERROR - 
lp - ERROR - Orgue Palissy non trouvé dans l'inventaire: <object OrguePalissyOpenData PM80001495 80 L'Etoile 80296 église Saint-Jacques orgue de tribune : partie instrumentale de l'orgue>
lp - ERROR - PM possibles : PM80001495,PM80001678
lp - WARNING - Code INSEE Palissy non trouvé dans l'inventaire mais ancienne commune si. : 80486.
lp - WARNING - Code INSEE Palissy non trouvé dans l'inventaire mais ancienne commune si. : 80486.
lp - WARNING - Code INSEE Palissy non trouvé dans l'inventaire mais ancienne commune si. : 80486.
lp - WARNING - Code INSEE Palissy non trouvé dans l'inventaire mais ancienne commune si. : 80486.
lp - ERROR - 
lp - ERROR - Orgue Palissy non trouvé dans l'inventaire: <object OrguePalissyOpenData PM80000838 80 Long 80486 église Saint-Jean-Baptiste orgue de tribune : partie instrumentale de l'orgue>
lp - ERROR - PM possibles : PM80000842,PM80000838,PM80001681
lp - ERROR -    Palissy    : saint-jean-baptiste
lp - ERROR -    Inventaire : saint-martin, 
lp - ERROR -    Palissy    : saint-jean-baptiste
lp - ERROR -    Inventaire : saint-dagobert, 
lp - ERROR -    Palissy    : saint-jean-baptiste
lp - ERROR -    Inventaire : sainte-trinite, 
lp - ERROR -    Palissy    : saint-jean-baptiste
lp - ERROR -    Inventaire : saint-martin, 
lp - ERROR - 
lp - ERROR - Orgue Palissy non trouvé dans l'inventaire: <object OrguePalissyOpenData PM51001035 51 Sézanne 51535 église Saint-Denis orgue de tribune : buffet d'orgue ; tribune d'orgue>
lp - ERROR - PM possibles : PM51001035,PM51001768
lp - ERROR -    Palissy    : saint-denis
lp - ERROR -    Inventaire : saint-remi, 
lp - ERROR - 
lp - ERROR - Orgue Palissy non trouvé dans l'inventaire: <object OrguePalissyOpenData PM45000852 45 Orléans 45234 église Saint-Paul buffet d'orgue>
lp - ERROR - PM possibles : PM45000852
lp - ERROR -    Palissy    : saint-paul
lp - ERROR -    Inventaire : sainte-croix, G.O.
lp - ERROR -    Palissy    : saint-paul
lp - ERROR -    Inventaire : de-l'ecole-sainte-croix, 
lp - ERROR -    Palissy    : saint-paul
lp - ERROR -    Inventaire : de-l'hôpital, 
lp - ERROR -    Palissy    : saint-paul
lp - ERROR -    Inventaire : conservatoire-de-musique, 
lp - ERROR -    Palissy    : saint-paul
lp - ERROR -    Inventaire : notre-dame-des-miracles, 
lp - ERROR -    Palissy    : saint-paul
lp - ERROR -    Inventaire : notre-dame-de-consolation, 
lp - ERROR -    Palissy    : saint-paul
lp - ERROR -    Inventaire : saint-aignan, G.O.
lp - ERROR -    Palissy    : saint-paul
lp - ERROR -    Inventaire : saint-donation, 
lp - ERROR -    Palissy    : saint-paul
lp - ERROR -    Inventaire : saint-euverte, 
lp - ERROR -    Palissy    : saint-paul
lp - ERROR -    Inventaire : saint-laurent, 
lp - ERROR -    Palissy    : saint-paul
lp - ERROR -    Inventaire : saint-marc, G.O.
lp - ERROR -    Palissy    : saint-paul
lp - ERROR -    Inventaire : saint-marceau, G.O.
lp - ERROR -    Palissy    : saint-paul
lp - ERROR -    Inventaire : saint-paterne, 
lp - ERROR -    Palissy    : saint-paul
lp - ERROR -    Inventaire : saint-pierre-du-martroi, 
lp - ERROR -    Palissy    : saint-paul
lp - ERROR -    Inventaire : saint-vincent, 
lp - ERROR -    Palissy    : saint-paul
lp - ERROR -    Inventaire : , 
lp - ERROR -    Palissy    : saint-paul
lp - ERROR -    Inventaire : sainte-croix, O.C.
lp - ERROR -    Palissy    : saint-paul
lp - ERROR -    Inventaire : notre-dame-de-recouvrance, G.O.
lp - ERROR -    Palissy    : saint-paul
lp - ERROR -    Inventaire : saint-aignan, O.C.
lp - ERROR -    Palissy    : saint-paul
lp - ERROR -    Inventaire : saint-marc, O.C.
lp - ERROR -    Palissy    : saint-paul
lp - ERROR -    Inventaire : saint-marceau, O.C.
lp - ERROR -    Palissy    : saint-paul
lp - ERROR -    Inventaire : notre-dame-de-recouvrance, O.C.
lp - ERROR - 
lp - ERROR - Orgue Palissy non trouvé dans l'inventaire: <object OrguePalissyOpenData PM83000592 83 Solliès-Ville 83132 église Saint-Michel orgue de tribune : buffet d'orgue>
lp - ERROR - PM possibles : PM83000592,PM83001468
lp - WARNING - Plus d'un édifice de l'inventaire correspondant à l'objet dans Palissy <object OrguePalissyOpenData PM76003118 76 Rouen 76540 église Saint-Nicaise buffet d'orgue> !
lp - ERROR - 
lp - ERROR - Orgue Palissy non trouvé dans l'inventaire: <object OrguePalissyOpenData PM59001932 59 Pont-sur-Sambre 59467 église de la Nativité-de-la-Vierge orgue de tribune : buffet d'orgue>
lp - ERROR - PM possibles : PM59001932,PM59001931
lp - ERROR - 
lp - ERROR - Orgue Palissy non trouvé dans l'inventaire: <object OrguePalissyOpenData PM59001938 59 Raismes 59491 église Saint-Nicolas orgue de tribune : buffet d'orgue>
lp - ERROR - PM possibles : PM59001938,PM59001937
lp - ERROR - 
lp - ERROR - Orgue Palissy non trouvé dans l'inventaire: <object OrguePalissyOpenData PM59001946 59 Roubaix 59512 église Saint-François orgue de tribune : buffet d'orgue>
lp - ERROR - PM possibles : PM59001946,PM59001945,PM59001944
lp - ERROR -    Palissy    : saint-françois
lp - ERROR -    Inventaire : notre-dame, 
lp - ERROR -    Palissy    : saint-françois
lp - ERROR -    Inventaire : saint-jean-baptiste, 
lp - ERROR -    Palissy    : saint-françois
lp - ERROR -    Inventaire : saint-martin, 
lp - ERROR -    Palissy    : saint-françois
lp - ERROR -    Inventaire : saint-martin, 
lp - ERROR -    Palissy    : saint-françois
lp - ERROR -    Inventaire : saint-redempteur, 
lp - ERROR -    Palissy    : saint-françois
lp - ERROR -    Inventaire : reforme, 
lp - ERROR -    Palissy    : saint-françois
lp - ERROR -    Inventaire : saint-joseph, 
lp - ERROR - 
lp - ERROR - Orgue Palissy non trouvé dans l'inventaire: <object OrguePalissyOpenData PM59001955 59 Somain 59574 église Saint-Michel orgue de tribune : buffet d'orgue>
lp - ERROR - PM possibles : PM59001955,PM59001954
lp - ERROR - 
lp - ERROR - Orgue Palissy non trouvé dans l'inventaire: <object OrguePalissyOpenData PM39003597 39 Toulouse-le-Château 39533 chapelle du château de Baudin orgue de choeur : buffet d'orgue>
lp - ERROR - PM possibles : PM39003597,PM39003596,PM39003595
lp - ERROR - 
lp - ERROR - Orgue Palissy non trouvé dans l'inventaire: <object OrguePalissyOpenData PM06002759 06 Villefranche-sur-Mer 06159 église Saint-Marcel orgue de tribune : buffet d'orgue>
lp - ERROR - PM possibles : PM06002759,PM06002758
lp - ERROR -    Palissy    : saint-marcel
lp - ERROR -    Inventaire : saint-michel, 
lp - ERROR - 
lp - ERROR - Orgue Palissy non trouvé dans l'inventaire: <object OrguePalissyOpenData PM59001871 59 Bouvignies 59105 église Saint-Maurice orgue de tribune : buffet d'orgue>
lp - ERROR - PM possibles : PM59001871,PM59001870
lp - WARNING - Plus d'un édifice de l'inventaire correspondant à l'objet dans Palissy <object OrguePalissyOpenData PM55002737 55 Vaucouleurs 55533 église Saint-Laurent buffet d'orgue : buffet du grand orgue> !
lp - WARNING - Plus d'un édifice de l'inventaire correspondant à l'objet dans Palissy <object OrguePalissyOpenData PM55002738 55 Vaucouleurs 55533 église Saint-Laurent buffet d'orgue : buffet de l'orgue de choeur> !
lp - ERROR - 
lp - ERROR - Orgue Palissy non trouvé dans l'inventaire: <object OrguePalissyOpenData PM13002414 13 Le Puy-Sainte-Réparade 13080 église de Saint-Canadet fragment de buffet d'orgue (devant de petit orgue)>
lp - ERROR - PM possibles : PM13002414
lp - WARNING - Plus d'un édifice de l'inventaire correspondant à l'objet dans Palissy <object OrguePalissyOpenData PM35003092 35 Dol-de-Bretagne 35095 cathédrale Saint-Samson buffet d'orgue> !
lp - WARNING - Plus d'un édifice de l'inventaire correspondant à l'objet dans Palissy <object OrguePalissyOpenData PM59007286 59 Cambrai 59122 cathédrale Notre-Dame-de-Grâce tribune et buffet d’orgue> !
lp - WARNING - Plus d'un édifice de l'inventaire correspondant à l'objet dans Palissy <object OrguePalissyOpenData PM46001865 46 Cahors 46042 cathédrale Saint-Etienne buffet d'orgue> !
lp - ERROR - 
lp - ERROR - Orgue Palissy non trouvé dans l'inventaire: <object OrguePalissyOpenData PM03000220 03 Lapalisse 03138 église Notre-Dame orgue de tribune : partie instrumentale de l'orgue>
lp - ERROR - PM possibles : PM03000220,PM03000678
lp - ERROR -    Palissy    : notre-dame
lp - ERROR -    Inventaire : saint-jean-baptiste, 
lp - ERROR - 
lp - ERROR - Orgue Palissy non trouvé dans l'inventaire: <object OrguePalissyOpenData PM78000543 78 Saint-Germain-en-Laye 78551 église Saint-Louis orgue de tribune : partie instrumentale de l'orgue>
lp - ERROR - PM possibles : PM78000543,PM78001279
lp - ERROR -    Palissy    : saint-louis
lp - ERROR -    Inventaire : des-religieuses-franciscaines, 
lp - ERROR -    Palissy    : saint-louis
lp - ERROR -    Inventaire : saint-germain, G.O.
lp - ERROR -    Palissy    : saint-louis
lp - ERROR -    Inventaire : saint-germain, O.C.
lp - ERROR -    Palissy    : saint-louis
lp - ERROR -    Inventaire : , 
lp - ERROR -    Palissy    : saint-louis
lp - ERROR -    Inventaire : maison-d'education-de-la-legion-d'honneur, 
lp - ERROR - 
lp - ERROR - Orgue Palissy non trouvé dans l'inventaire: <object OrguePalissyOpenData PM51001306 51 Heiltz-l'Evêque 51290 mairie orgue de tribune : partie instrumentale de l'orgue>
lp - ERROR - PM possibles : PM51001306,PM51001755
lp - ERROR -    Palissy    : mairie
lp - ERROR -    Inventaire : saint-maurice, 
lp - WARNING - Plus d'un édifice de l'inventaire correspondant à l'objet dans Palissy <object OrguePalissyOpenData PM67000385 67 Strasbourg 67482 église protestante Saint-Paul orgue de tribune : partie instrumentale de l'orgue> !
lp - ERROR - 
lp - ERROR - Orgue Palissy non trouvé dans l'inventaire: <object OrguePalissyOpenData PM67000394 67 Strasbourg 67482 immeuble orgue : partie instrumentale de l'orgue>
lp - ERROR - PM possibles : PM67000394,PM67000980
lp - ERROR -    Palissy    : immeuble
lp - ERROR -    Inventaire : notre-dame, G.O.
lp - ERROR -    Palissy    : immeuble
lp - ERROR -    Inventaire : notre-dame, O.C.
lp - ERROR -    Palissy    : immeuble
lp - ERROR -    Inventaire : des-diaconesses, 
lp - ERROR -    Palissy    : immeuble
lp - ERROR -    Inventaire : du-grand-seminaire, 
lp - ERROR -    Palissy    : immeuble
lp - ERROR -    Inventaire : château-des-rohan, 
lp - ERROR -    Palissy    : immeuble
lp - ERROR -    Inventaire : cimetiere-nord, 
lp - ERROR -    Palissy    : immeuble
lp - ERROR -    Inventaire : clinique-de-la-toussaint, 
lp - ERROR -    Palissy    : immeuble
lp - ERROR -    Inventaire : clinique-saint-barbe, 
lp - ERROR -    Palissy    : immeuble
lp - ERROR -    Inventaire : clinique-sainte-anne-de-la-robertsau, 
lp - ERROR -    Palissy    : immeuble
lp - ERROR -    Inventaire : clinique-sainte-odile, 
lp - ERROR -    Palissy    : immeuble
lp - ERROR -    Inventaire : conservatoire-national-de-musique, 
lp - ERROR -    Palissy    : immeuble
lp - ERROR -    Inventaire : conservatoire-national-de-musique, 
lp - ERROR -    Palissy    : immeuble
lp - ERROR -    Inventaire : conservatoire-national-de-musique, 
lp - ERROR -    Palissy    : immeuble
lp - ERROR -    Inventaire : conservatoire-national-de-musique, 
lp - ERROR -    Palissy    : immeuble
lp - ERROR -    Inventaire : de-dominicains, 
lp - ERROR -    Palissy    : immeuble
lp - ERROR -    Inventaire : de-marie-reparatrice, 
lp - ERROR -    Palissy    : immeuble
lp - ERROR -    Inventaire : des-capucins, 
lp - ERROR -    Palissy    : immeuble
lp - ERROR -    Inventaire : des-sœurs-de-la-sainte-croix, 
lp - ERROR -    Palissy    : immeuble
lp - ERROR -    Inventaire : du-bon-pasteur, 
lp - ERROR -    Palissy    : immeuble
lp - ERROR -    Inventaire : du-bon-pasteur, 
lp - ERROR -    Palissy    : immeuble
lp - ERROR -    Inventaire : catholique-de-l'hôpital-civil, 
lp - ERROR -    Palissy    : immeuble
lp - ERROR -    Inventaire : catholique-saint-aloyse-de-neudorf, 
lp - ERROR -    Palissy    : immeuble
lp - ERROR -    Inventaire : catholique-saint-joseph-de-koenigshoffen, 
lp - ERROR -    Palissy    : immeuble
lp - ERROR -    Inventaire : catholique-saint-leon-de-neudorf, 
lp - ERROR -    Palissy    : immeuble
lp - ERROR -    Inventaire : de-la-sainte-trinite, 
lp - ERROR -    Palissy    : immeuble
lp - ERROR -    Inventaire : du-christ-ressuscite, 
lp - ERROR -    Palissy    : immeuble
lp - ERROR -    Inventaire : du-sacre-coeur-de-la-montagne-verte, 
lp - ERROR -    Palissy    : immeuble
lp - ERROR -    Inventaire : evangelique-lutherienne, 
lp - ERROR -    Palissy    : immeuble
lp - ERROR -    Inventaire : saint-pierre-le-jeune, 
lp - ERROR -    Palissy    : immeuble
lp - ERROR -    Inventaire : neo-apostolique, 
lp - ERROR -    Palissy    : immeuble
lp - ERROR -    Inventaire : notre-dame-de-lourdes, 
lp - ERROR -    Palissy    : immeuble
lp - ERROR -    Inventaire : de-cronenbourg-cite, 
lp - ERROR -    Palissy    : immeuble
lp - ERROR -    Inventaire : de-la-meinau, 
lp - ERROR -    Palissy    : immeuble
lp - ERROR -    Inventaire : de-la-resurrection,-au-neuhof, 
lp - ERROR -    Palissy    : immeuble
lp - ERROR -    Inventaire : de-la-robertsau, 
lp - ERROR -    Palissy    : immeuble
lp - ERROR -    Inventaire : de-neudorf, 
lp - ERROR -    Palissy    : immeuble
lp - ERROR -    Inventaire : du-neuhof-s-tockfeld, 
lp - ERROR -    Palissy    : immeuble
lp - ERROR -    Inventaire : du-port-du-rhin, 
lp - ERROR -    Palissy    : immeuble
lp - ERROR -    Inventaire : saint-pierre-le-vieux, 
lp - ERROR -    Palissy    : immeuble
lp - ERROR -    Inventaire : sainte-aurelie, 
lp - ERROR -    Palissy    : immeuble
lp - ERROR -    Inventaire : saint-guillaume, 
lp - ERROR -    Palissy    : immeuble
lp - ERROR -    Inventaire : saint-jean-de-la-montagne-verte, 
lp - ERROR -    Palissy    : immeuble
lp - ERROR -    Inventaire : saint-matthieu, 
lp - ERROR -    Palissy    : immeuble
lp - ERROR -    Inventaire : saint-nicolas, 
lp - ERROR -    Palissy    : immeuble
lp - ERROR -    Inventaire : saint-paul-de-koenigshoffen, 
lp - ERROR -    Palissy    : immeuble
lp - ERROR -    Inventaire : saint-paul-de-koenigshoffen-chapelle, 
lp - ERROR -    Palissy    : immeuble
lp - ERROR -    Inventaire : saint-sauveur, 
lp - ERROR -    Palissy    : immeuble
lp - ERROR -    Inventaire : saint-thomas, O.C.
lp - ERROR -    Palissy    : immeuble
lp - ERROR -    Inventaire : saint-thomas, G.O.
lp - ERROR -    Palissy    : immeuble
lp - ERROR -    Inventaire : saint-thomas,chapelle, 
lp - ERROR -    Palissy    : immeuble
lp - ERROR -    Inventaire : de-la-rue-du-bouclier, 
lp - ERROR -    Palissy    : immeuble
lp - ERROR -    Inventaire : saint-paul, 
lp - ERROR -    Palissy    : immeuble
lp - ERROR -    Inventaire : saint-paul, O.C.
lp - ERROR -    Palissy    : immeuble
lp - ERROR -    Inventaire : saint-amand-de-la-meinau, 
lp - ERROR -    Palissy    : immeuble
lp - ERROR -    Inventaire : saint-antoine, 
lp - ERROR -    Palissy    : immeuble
lp - ERROR -    Inventaire : saint-arbogast-de-la-montagne-verte, 
lp - ERROR -    Palissy    : immeuble
lp - ERROR -    Inventaire : sainte-jeanne-d'arc, 
lp - ERROR -    Palissy    : immeuble
lp - ERROR -    Inventaire : sainte-madeleine, 
lp - ERROR -    Palissy    : immeuble
lp - ERROR -    Inventaire : saint-etienne, 
lp - ERROR -    Palissy    : immeuble
lp - ERROR -    Inventaire : saint-florent-de-cronenbourg, G.O.
lp - ERROR -    Palissy    : immeuble
lp - ERROR -    Inventaire : saint-florent-de-cronenbourg, O.C.
lp - ERROR -    Palissy    : immeuble
lp - ERROR -    Inventaire : saint-ignace-du-neuhof, 
lp - ERROR -    Palissy    : immeuble
lp - ERROR -    Inventaire : saint-jean, 
lp - ERROR -    Palissy    : immeuble
lp - ERROR -    Inventaire : saint-louis, 
lp - ERROR -    Palissy    : immeuble
lp - ERROR -    Inventaire : saint-louis-de-la-robertsau, 
lp - ERROR -    Palissy    : immeuble
lp - ERROR -    Inventaire : saint-maurice, G.O.
lp - ERROR -    Palissy    : immeuble
lp - ERROR -    Inventaire : saint-nicolas, O.C.
lp - ERROR -    Palissy    : immeuble
lp - ERROR -    Inventaire : saint-pierre-le-jeune-catholique, 
lp - ERROR -    Palissy    : immeuble
lp - ERROR -    Inventaire : saint-pierre-le-vieux-catholique, 
lp - ERROR -    Palissy    : immeuble
lp - ERROR -    Inventaire : saint-vincent-de-paul-de-la-meinau, 
lp - ERROR -    Palissy    : immeuble
lp - ERROR -    Inventaire : foyer-protestant-de-neudorf, 
lp - ERROR -    Palissy    : immeuble
lp - ERROR -    Inventaire : gaz-de-strasbourg, 
lp - ERROR -    Palissy    : immeuble
lp - ERROR -    Inventaire : loge-maçonnique, 
lp - ERROR -    Palissy    : immeuble
lp - ERROR -    Inventaire : maison-de-retraite-emmaus, 
lp - ERROR -    Palissy    : immeuble
lp - ERROR -    Inventaire : maison-de-retraite-saint-joseph, 
lp - ERROR -    Palissy    : immeuble
lp - ERROR -    Inventaire : mission-catholique-italienne, 
lp - ERROR -    Palissy    : immeuble
lp - ERROR -    Inventaire : communaute-des-peres-assomptionistes, 
lp - ERROR -    Palissy    : immeuble
lp - ERROR -    Inventaire : palais-des-fêtes, 
lp - ERROR -    Palissy    : immeuble
lp - ERROR -    Inventaire : pensionnat-notre-dame-des-mineurs, 
lp - ERROR -    Palissy    : immeuble
lp - ERROR -    Inventaire : neuf, 
lp - ERROR - 
lp - ERROR - Orgue Palissy non trouvé dans l'inventaire: <object OrguePalissyOpenData PM93000476 93 Montreuil 93048 église Saint-André-du-Bas-Montreuil orgue de choeur : partie instrumentale de l'orgue>
lp - ERROR - PM possibles : PM93000476,PM93000475
lp - ERROR -    Palissy    : saint-andré-du-bas-montreuil
lp - ERROR -    Inventaire : saint-pierre-&-saint-paul, G.O.
lp - ERROR -    Palissy    : saint-andré-du-bas-montreuil
lp - ERROR -    Inventaire : saint-pierre-&-saint-paul, O.C.
lp - ERROR - 
lp - ERROR - Orgue Palissy non trouvé dans l'inventaire: <object OrguePalissyOpenData PM2B000804 2B Canari 2B058 église Saint-François orgue de tribune : partie instrumentale de l'orgue>
lp - ERROR - PM possibles : PM2B000803,PM2B000804,PM2B000802
lp - ERROR -    Palissy    : saint-françois
lp - ERROR -    Inventaire : notre-dame-de-l'assomption, 
lp - ERROR - 
lp - ERROR - Orgue Palissy non trouvé dans l'inventaire: <object OrguePalissyOpenData PM59001882 59 Clary 59149 église Saint-Quentin orgue de tribune : partie instrumentale de l'orgue>
lp - ERROR - PM possibles : PM59001882,PM59001881
lp - ERROR - 
lp - ERROR - Orgue Palissy non trouvé dans l'inventaire: <object OrguePalissyOpenData PM55000163 55 Commercy 55122 église Saint-Pantaléon orgue de tribune : partie instrumentale de l'orgue>
lp - ERROR - PM possibles : PM55000163,PM55001397
lp - ERROR - 
lp - ERROR - Orgue Palissy non trouvé dans l'inventaire: <object OrguePalissyOpenData PM76002151 76 Saint-Valery-en-Caux 76655 église Saint-Martin orgue de tribune : partie instrumentale de l'orgue>
lp - ERROR - PM possibles : PM76002151,PM76003237
lp - ERROR -    Palissy    : saint-martin
lp - ERROR -    Inventaire : saint-valery, G.O.
lp - ERROR -    Palissy    : saint-martin
lp - ERROR -    Inventaire : saint-valery, O.C.
lp - ERROR - 
lp - ERROR - Orgue Palissy non trouvé dans l'inventaire: <object OrguePalissyOpenData PM70000515 70 Faucogney-et-la-Mer 70227 église Saint-Georges orgue de tribune : partie instrumentale de l'orgue>
lp - ERROR - PM possibles : PM70000523,PM70000515,PM70003794
lp - ERROR -    Palissy    : saint-georges
lp - ERROR -    Inventaire : saint-martin, 
lp - ERROR - 
lp - ERROR - Orgue Palissy non trouvé dans l'inventaire: <object OrguePalissyOpenData PM57000002 57 Abreschviller 57003 église Saint-Quirin orgue de tribune : partie instrumentale de l'orgue>
lp - ERROR - PM possibles : PM57000002,PM57000708
lp - ERROR -    Palissy    : saint-quirin
lp - ERROR -    Inventaire : , 
lp - ERROR -    Palissy    : saint-quirin
lp - ERROR -    Inventaire : saint-pierre-aux-liens, 
lp - WARNING - Plus d'un édifice de l'inventaire correspondant à l'objet dans Palissy <object OrguePalissyOpenData PM68000967 68 Riedisheim 68271 église Notre-Dame, couvent des Rédemptoristes orgue de tribune : partie instrumentale de l'orgue> !
lp - WARNING - Plus d'un édifice de l'inventaire correspondant à l'objet dans Palissy <object OrguePalissyOpenData PM67000110 67 Lembach 67263 église protestante orgue de tribune : partie instrumentale de l'orgue> !
lp - WARNING - Plus d'un édifice de l'inventaire correspondant à l'objet dans Palissy <object OrguePalissyOpenData PM68000099 68 Guebwiller 68112 église paroissiale Notre-Dame orgue de tribune : partie instrumentale de l'orgue> !
lp - ERROR - 
lp - ERROR - Orgue Palissy non trouvé dans l'inventaire: <object OrguePalissyOpenData PM92000047 92 Clichy 92024 église Saint-Médard orgue de tribune : partie instrumentale de l'orgue>
lp - ERROR - PM possibles : PM92000047,PM92000265
lp - ERROR -    Palissy    : saint-médard
lp - ERROR -    Inventaire : notre-dame-auxiliatrice, 
lp - ERROR -    Palissy    : saint-médard
lp - ERROR -    Inventaire : saint-vincent-de-paul, 
lp - ERROR - 
lp - ERROR - Orgue Palissy non trouvé dans l'inventaire: <object OrguePalissyOpenData PM07000021 07 Annonay 07010 chapelle de Vidalon-les-Annonay orgue de tribune : partie instrumentale de l'orgue>
lp - ERROR - PM possibles : PM07000021,PM07000447
lp - ERROR -    Palissy    : de-vidalon-les-annonay
lp - ERROR -    Inventaire : notre-dame, G.O.
lp - ERROR -    Palissy    : de-vidalon-les-annonay
lp - ERROR -    Inventaire : notre-dame, O.C.
lp - ERROR -    Palissy    : de-vidalon-les-annonay
lp - ERROR -    Inventaire : , 
lp - ERROR -    Palissy    : de-vidalon-les-annonay
lp - ERROR -    Inventaire : saint-françois-d'assise, 
lp - ERROR -    Palissy    : de-vidalon-les-annonay
lp - ERROR -    Inventaire : saint-joseph-du-cance, 
lp - ERROR - 
lp - ERROR - Orgue Palissy non trouvé dans l'inventaire: <object OrguePalissyOpenData PM66000729 66 Prades 66149 église Saint-Pierre orgue de tribune : partie instrumentale de l'orgue>
lp - ERROR - PM possibles : PM66000729,PM66001414
lp - ERROR -    Palissy    : saint-pierre
lp - ERROR -    Inventaire : saint-felix, G.O.
lp - ERROR - 
lp - ERROR - Orgue Palissy non trouvé dans l'inventaire: <object OrguePalissyOpenData PM60004368 60 Hénonville 60309 église de la Trinité partie instrumentale de l'orgue>
lp - ERROR - PM possibles : PM60004368
lp - ERROR - 
lp - ERROR - Orgue Palissy non trouvé dans l'inventaire: <object OrguePalissyOpenData PM09000438 09 Montaut 09199 église Notre-Dame orgue à cylindres : partie instrumentale de l'orgue>
lp - ERROR - PM possibles : PM09000438,PM09000990
lp - ERROR -    Palissy    : notre-dame
lp - ERROR -    Inventaire : saint-michel, 
lp - ERROR - 
lp - ERROR - Orgue Palissy non trouvé dans l'inventaire: <object OrguePalissyOpenData PM13000275 13 Allauch 13002 Chapelle Notre-Dame-de-Beauvois orgue de tribune : partie instrumentale de l'orgue>
lp - ERROR - PM possibles : PM13000275,PM13001751
lp - ERROR -    Palissy    : notre-dame-de-beauvois
lp - ERROR -    Inventaire : saint-laurent-de-la-bourdonniere, 
lp - ERROR -    Palissy    : notre-dame-de-beauvois
lp - ERROR -    Inventaire : saint-sebastien, 
lp - ERROR - 
lp - ERROR - Orgue Palissy non trouvé dans l'inventaire: <object OrguePalissyOpenData PM2B000479 2B Castifao 2B080 église Saint-François orgue de tribune : partie instrumentale de l'orgue>
lp - ERROR - PM possibles : PM2B000479,PM2B000805
lp - ERROR -    Palissy    : saint-françois
lp - ERROR -    Inventaire : saint-nicolas, 
lp - ERROR - 
lp - ERROR - Orgue Palissy non trouvé dans l'inventaire: <object OrguePalissyOpenData PM10003956 10 Mesnil-Saint-Loup 10237 église paroissiale Notre-Dame de la Sainte-Espérance orgue de tribune : partie instrumentale de l'orgue>
lp - ERROR - PM possibles : PM10003956,PM10003957
lp - ERROR -    Palissy    : notre-dame-de-la-sainte-espérance
lp - ERROR -    Inventaire : saint-leu, 
lp - ERROR - 
lp - ERROR - Orgue Palissy non trouvé dans l'inventaire: <object OrguePalissyOpenData PM59001945 59 Roubaix 59512 église Saint-François orgue de tribune : partie instrumentale de l'orgue>
lp - ERROR - PM possibles : PM59001946,PM59001945,PM59001944
lp - ERROR -    Palissy    : saint-françois
lp - ERROR -    Inventaire : notre-dame, 
lp - ERROR -    Palissy    : saint-françois
lp - ERROR -    Inventaire : saint-jean-baptiste, 
lp - ERROR -    Palissy    : saint-françois
lp - ERROR -    Inventaire : saint-martin, 
lp - ERROR -    Palissy    : saint-françois
lp - ERROR -    Inventaire : saint-martin, 
lp - ERROR -    Palissy    : saint-françois
lp - ERROR -    Inventaire : saint-redempteur, 
lp - ERROR -    Palissy    : saint-françois
lp - ERROR -    Inventaire : reforme, 
lp - ERROR -    Palissy    : saint-françois
lp - ERROR -    Inventaire : saint-joseph, 
lp - ERROR - 
lp - ERROR - Orgue Palissy non trouvé dans l'inventaire: <object OrguePalissyOpenData PM39003596 39 Toulouse-le-Château 39533 chapelle du château de Baudin orgue de choeur : partie instrumentale de l'orgue>
lp - ERROR - PM possibles : PM39003597,PM39003596,PM39003595
lp - WARNING - Plus d'un édifice de l'inventaire correspondant à l'objet dans Palissy <object OrguePalissyOpenData PM67000671 67 Strasbourg 67482 église protestante Saint-Nicolas orgue de tribune : partie instrumentale de l'orgue> !
lp - ERROR - 
lp - ERROR - Orgue Palissy non trouvé dans l'inventaire: <object OrguePalissyOpenData PM81000062 81 Albi 81004 siège de l'association Saint-Jean de Veyrière Rayssac orgue de tribune : partie instrumentale de l'orgue>
lp - ERROR - PM possibles : PM81000062,PM81000647
lp - ERROR -    Palissy    : siège-de-l'association-saint-jean-de-veyrière-rayssac
lp - ERROR -    Inventaire : sainte-cecile, G.O.
lp - ERROR -    Palissy    : siège-de-l'association-saint-jean-de-veyrière-rayssac
lp - ERROR -    Inventaire : sainte-cecile, O.C.
lp - ERROR -    Palissy    : siège-de-l'association-saint-jean-de-veyrière-rayssac
lp - ERROR -    Inventaire : grand-seminaire, 
lp - ERROR -    Palissy    : siège-de-l'association-saint-jean-de-veyrière-rayssac
lp - ERROR -    Inventaire : de-la-madeleine, 
lp - ERROR -    Palissy    : siège-de-l'association-saint-jean-de-veyrière-rayssac
lp - ERROR -    Inventaire : saint-joseph, 
lp - ERROR -    Palissy    : siège-de-l'association-saint-jean-de-veyrière-rayssac
lp - ERROR -    Inventaire : saint-salvy, G.O.
lp - ERROR -    Palissy    : siège-de-l'association-saint-jean-de-veyrière-rayssac
lp - ERROR -    Inventaire : saint-salvy, O.C.
lp - ERROR -    Palissy    : siège-de-l'association-saint-jean-de-veyrière-rayssac
lp - ERROR -    Inventaire : hôpital-bon-sauveur,-chapelle, G.O.
lp - ERROR -    Palissy    : siège-de-l'association-saint-jean-de-veyrière-rayssac
lp - ERROR -    Inventaire : hôpital-bon-sauveur,-chapelle, O.C.
lp - ERROR - 
lp - ERROR - Orgue Palissy non trouvé dans l'inventaire: <object OrguePalissyOpenData PM68000243 68 Meyenheim 68205 église paroissiale Saint-Pierre-Saint-Paul orgue : partie instrumentale de l'orgue>
lp - ERROR - PM possibles : PM68000243,PM68000899
lp - ERROR - 
lp - ERROR - Orgue Palissy non trouvé dans l'inventaire: <object OrguePalissyOpenData PM74000234 74 Les Gets 74134 musée de la musique mécanique orgue à cylindres : partie instrumentale de l'orgue>
lp - ERROR - PM possibles : PM74000234,PM74000667
lp - WARNING - Plus d'un édifice de l'inventaire correspondant à l'objet dans Palissy <object OrguePalissyOpenData PM21003831 21 Dijon 21231 église Saint-Michel partie instrumentale de l'orgue> !
lp - ERROR - 
lp - ERROR - Orgue Palissy non trouvé dans l'inventaire: <object OrguePalissyOpenData PM80001679 80 Le Hamel 80411 église orgue de tribune>
lp - ERROR - PM possibles : PM80000729,PM80001679
lp - WARNING - Code INSEE Palissy non trouvé dans l'inventaire mais ancienne commune si. : 80486.
lp - WARNING - Code INSEE Palissy non trouvé dans l'inventaire mais ancienne commune si. : 80486.
lp - WARNING - Code INSEE Palissy non trouvé dans l'inventaire mais ancienne commune si. : 80486.
lp - WARNING - Code INSEE Palissy non trouvé dans l'inventaire mais ancienne commune si. : 80486.
lp - ERROR - 
lp - ERROR - Orgue Palissy non trouvé dans l'inventaire: <object OrguePalissyOpenData PM80001681 80 Long 80486 église Saint-Jean-Baptiste orgue de tribune>
lp - ERROR - PM possibles : PM80000842,PM80000838,PM80001681
lp - ERROR -    Palissy    : saint-jean-baptiste
lp - ERROR -    Inventaire : saint-martin, 
lp - ERROR -    Palissy    : saint-jean-baptiste
lp - ERROR -    Inventaire : saint-dagobert, 
lp - ERROR -    Palissy    : saint-jean-baptiste
lp - ERROR -    Inventaire : sainte-trinite, 
lp - ERROR -    Palissy    : saint-jean-baptiste
lp - ERROR -    Inventaire : saint-martin, 
lp - ERROR - 
lp - ERROR - Orgue Palissy non trouvé dans l'inventaire: <object OrguePalissyOpenData PM91000764 91 La Ferté-Alais 91323 église Notre-Dame orgue de tribune>
lp - ERROR - PM possibles : PM91000216,PM91000764
lp - ERROR - 
lp - ERROR - Orgue Palissy non trouvé dans l'inventaire: <object OrguePalissyOpenData PM51001755 51 Heiltz-l'Evêque 51290 mairie orgue de tribune>
lp - ERROR - PM possibles : PM51001306,PM51001755
lp - ERROR -    Palissy    : mairie
lp - ERROR -    Inventaire : saint-maurice, 
lp - ERROR - 
lp - ERROR - Orgue Palissy non trouvé dans l'inventaire: <object OrguePalissyOpenData PM59001881 59 Clary 59149 église Saint-Quentin orgue de tribune>
lp - ERROR - PM possibles : PM59001882,PM59001881
lp - ERROR - 
lp - ERROR - Orgue Palissy non trouvé dans l'inventaire: <object OrguePalissyOpenData PM59001916 59 Lille 59350 église Saint-Vincent-de-Paul orgue de tribune>
lp - ERROR - PM possibles : PM59001917,PM59001918,PM59001916
lp - ERROR -    Palissy    : saint-vincent-de-paul
lp - ERROR -    Inventaire : du-saint-sacrement, 
lp - ERROR -    Palissy    : saint-vincent-de-paul
lp - ERROR -    Inventaire : notre-dame, 
lp - ERROR -    Palissy    : saint-vincent-de-paul
lp - ERROR -    Inventaire : saint-denis, 
lp - ERROR -    Palissy    : saint-vincent-de-paul
lp - ERROR -    Inventaire : cathedrale-notre-dame-de-la-treille, G.O.
lp - ERROR -    Palissy    : saint-vincent-de-paul
lp - ERROR -    Inventaire : cathedrale-notre-dame-de-la-treille, O.C.
lp - ERROR -    Palissy    : saint-vincent-de-paul
lp - ERROR -    Inventaire : des-franciscaines, 
lp - ERROR -    Palissy    : saint-vincent-de-paul
lp - ERROR -    Inventaire : christ-church, 
lp - ERROR -    Palissy    : saint-vincent-de-paul
lp - ERROR -    Inventaire : conservatoire-de-musique,-salle-lannoy, 
lp - ERROR -    Palissy    : saint-vincent-de-paul
lp - ERROR -    Inventaire : notre-dame-de-pellevoisin, 
lp - ERROR -    Palissy    : saint-vincent-de-paul
lp - ERROR -    Inventaire : notre-dame-des-victoires, 
lp - ERROR -    Palissy    : saint-vincent-de-paul
lp - ERROR -    Inventaire : notre-dame-de-consolation, 
lp - ERROR -    Palissy    : saint-vincent-de-paul
lp - ERROR -    Inventaire : du-sacre-cœur, G.O.
lp - ERROR -    Palissy    : saint-vincent-de-paul
lp - ERROR -    Inventaire : du-sacre-cœur, O.C.
lp - ERROR -    Palissy    : saint-vincent-de-paul
lp - ERROR -    Inventaire : saint-andre, G.O.
lp - ERROR -    Palissy    : saint-vincent-de-paul
lp - ERROR -    Inventaire : saint-andre, O.C.
lp - ERROR -    Palissy    : saint-vincent-de-paul
lp - ERROR -    Inventaire : saint-etienne, 
lp - ERROR -    Palissy    : saint-vincent-de-paul
lp - ERROR -    Inventaire : saint-martin-d'esquermes, 
lp - ERROR -    Palissy    : saint-vincent-de-paul
lp - ERROR -    Inventaire : saint-maurice, G.O.
lp - ERROR -    Palissy    : saint-vincent-de-paul
lp - ERROR -    Inventaire : saint-maurice, O.C.
lp - ERROR -    Palissy    : saint-vincent-de-paul
lp - ERROR -    Inventaire : saint-michel, 
lp - ERROR -    Palissy    : saint-vincent-de-paul
lp - ERROR -    Inventaire : saint-pierre-saint-paul, 
lp - ERROR -    Palissy    : saint-vincent-de-paul
lp - ERROR -    Inventaire : saint-sauveur, G.O.
lp - ERROR -    Palissy    : saint-vincent-de-paul
lp - ERROR -    Inventaire : saint-sauveur, O.C.
lp - ERROR -    Palissy    : saint-vincent-de-paul
lp - ERROR -    Inventaire : sainte-catherine, 
lp - ERROR -    Palissy    : saint-vincent-de-paul
lp - ERROR -    Inventaire : sainte-marie-madeleine, 
lp - ERROR -    Palissy    : saint-vincent-de-paul
lp - ERROR -    Inventaire : hôpital-saint-sauveur,-chapelle, 
lp - ERROR -    Palissy    : saint-vincent-de-paul
lp - ERROR -    Inventaire : , 
lp - ERROR -    Palissy    : saint-vincent-de-paul
lp - ERROR -    Inventaire : notre-dame-de-la-barriere, 
lp - ERROR -    Palissy    : saint-vincent-de-paul
lp - ERROR -    Inventaire : notre-dame-de-lourdes, 
lp - ERROR -    Palissy    : saint-vincent-de-paul
lp - ERROR -    Inventaire : notre-dame-de-la-visitation, 
lp - ERROR -    Palissy    : saint-vincent-de-paul
lp - ERROR -    Inventaire : saint-denis, 
lp - ERROR - 
lp - ERROR - Orgue Palissy non trouvé dans l'inventaire: <object OrguePalissyOpenData PM66001414 66 Prades 66149 église Saint-Pierre orgue de tribune>
lp - ERROR - PM possibles : PM66000729,PM66001414
lp - ERROR -    Palissy    : saint-pierre
lp - ERROR -    Inventaire : saint-felix, G.O.
lp - ERROR - 
lp - ERROR - Orgue Palissy non trouvé dans l'inventaire: <object OrguePalissyOpenData PM05000646 05 Saint-Chaffrey 05133 église Saint-Chaffrey orgue à cylindres>
lp - ERROR - PM possibles : PM05000646
lp - ERROR - 
lp - ERROR - Orgue Palissy non trouvé dans l'inventaire: <object OrguePalissyOpenData PM2B000842 2B Brando 2B043 église paroissiale de l'Annonciation orgue de tribune>
lp - ERROR - PM possibles : PM2B000843,PM2B000842
lp - ERROR -    Palissy    : de-l'annonciation
lp - ERROR -    Inventaire : notre-dame-des-grâces, 
lp - ERROR -    Palissy    : de-l'annonciation
lp - ERROR -    Inventaire : saint-erasme, 
lp - ERROR -    Palissy    : de-l'annonciation
lp - ERROR -    Inventaire : notre-dame-de-l’assomption, 
lp - ERROR -    Palissy    : de-l'annonciation
lp - ERROR -    Inventaire : saint-barthelemy, 
lp - ERROR -    Palissy    : de-l'annonciation
lp - ERROR -    Inventaire : sainte-marie, 
lp - WARNING - Plus d'un édifice de l'inventaire correspondant à l'objet dans Palissy <object OrguePalissyOpenData PM67000967 67 Strasbourg 67482 église protestante Saint-Nicolas orgue de tribune> !
lp - ERROR - 
lp - ERROR - Orgue Palissy non trouvé dans l'inventaire: <object OrguePalissyOpenData PM07000706 07 Lablachère 07117 basilique de Notre-Dame-de-Bon-Secours orgue>
lp - ERROR - PM possibles : PM07000706,PM07000637
lp - ERROR - 
lp - ERROR - Orgue Palissy non trouvé dans l'inventaire: <object OrguePalissyOpenData PM07000637 07 Lablachère 07117 basilique de Notre-Dame-de-Bon-Secours ensemble du décor de la basilique : les peintures murales, la statuaire, la cuve de l'ancienne chaire transformée en ambon, les sièges, le chemin de croix , les vitraux, les autels secondaires avec leurs garnitures, la grille des balcons entourant la nef et le choeur, le Christ surmontant le choeur, le baldaquin basilical>
lp - ERROR - PM possibles : PM07000706,PM07000637
lp - ERROR - 
lp - ERROR - Orgue Palissy non trouvé dans l'inventaire: <object OrguePalissyOpenData PM59001987 59 Sercus 59173 église Saint-Erasme orgue>
lp - ERROR - PM possibles : PM59001987
lp - ERROR -    Palissy    : saint-erasme
lp - ERROR -    Inventaire : saint-symphorien, 
lp - ERROR - 
lp - ERROR - Orgue Palissy non trouvé dans l'inventaire: <object OrguePalissyOpenData PM59001989 59 Wylder 59380 église Saint-Martin orgue>
lp - ERROR - PM possibles : PM59001989
lp - ERROR - 
lp - ERROR - Orgue Palissy non trouvé dans l'inventaire: <object OrguePalissyOpenData PM10003957 10 Mesnil-Saint-Loup 10237 église paroissiale Notre-Dame de la Sainte-Espérance orgue de tribune>
lp - ERROR - PM possibles : PM10003956,PM10003957
lp - ERROR -    Palissy    : notre-dame-de-la-sainte-espérance
lp - ERROR -    Inventaire : saint-leu, 
lp - ERROR - 
lp - ERROR - Orgue Palissy non trouvé dans l'inventaire: <object OrguePalissyOpenData PM74000666 74 Ferrières 74125 église orgue de tribune>
lp - ERROR - PM possibles : PM74000626,PM74000666
lp - ERROR - 
lp - ERROR - Orgue Palissy non trouvé dans l'inventaire: <object OrguePalissyOpenData PM78001279 78 Saint-Germain-en-Laye 78551 église Saint-Louis orgue de tribune>
lp - ERROR - PM possibles : PM78000543,PM78001279
lp - ERROR -    Palissy    : saint-louis
lp - ERROR -    Inventaire : des-religieuses-franciscaines, 
lp - ERROR -    Palissy    : saint-louis
lp - ERROR -    Inventaire : saint-germain, G.O.
lp - ERROR -    Palissy    : saint-louis
lp - ERROR -    Inventaire : saint-germain, O.C.
lp - ERROR -    Palissy    : saint-louis
lp - ERROR -    Inventaire : , 
lp - ERROR -    Palissy    : saint-louis
lp - ERROR -    Inventaire : maison-d'education-de-la-legion-d'honneur, 
lp - ERROR - 
lp - ERROR - Orgue Palissy non trouvé dans l'inventaire: <object OrguePalissyOpenData PM51001768 51 Sézanne 51535 église Saint-Denis orgue de tribune>
lp - ERROR - PM possibles : PM51001035,PM51001768
lp - ERROR -    Palissy    : saint-denis
lp - ERROR -    Inventaire : saint-remi, 
lp - WARNING - Plus d'un édifice de l'inventaire correspondant à l'objet dans Palissy <object OrguePalissyOpenData PM68000882 68 Guebwiller 68112 église paroissiale Notre-Dame orgue de tribune> !
lp - WARNING - Plus d'un édifice de l'inventaire correspondant à l'objet dans Palissy <object OrguePalissyOpenData PM67000974 67 Strasbourg 67482 église protestante Saint-Paul orgue de tribune> !
lp - ERROR - 
lp - ERROR - Orgue Palissy non trouvé dans l'inventaire: <object OrguePalissyOpenData PM59001939 59 Renescure 59496 église Notre-Dame orgue de tribune>
lp - ERROR - PM possibles : PM59001940,PM59001939
lp - ERROR - 
lp - ERROR - Orgue Palissy non trouvé dans l'inventaire: <object OrguePalissyOpenData PM59001944 59 Roubaix 59512 église Saint-François orgue de tribune>
lp - ERROR - PM possibles : PM59001946,PM59001945,PM59001944
lp - ERROR -    Palissy    : saint-françois
lp - ERROR -    Inventaire : notre-dame, 
lp - ERROR -    Palissy    : saint-françois
lp - ERROR -    Inventaire : saint-jean-baptiste, 
lp - ERROR -    Palissy    : saint-françois
lp - ERROR -    Inventaire : saint-martin, 
lp - ERROR -    Palissy    : saint-françois
lp - ERROR -    Inventaire : saint-martin, 
lp - ERROR -    Palissy    : saint-françois
lp - ERROR -    Inventaire : saint-redempteur, 
lp - ERROR -    Palissy    : saint-françois
lp - ERROR -    Inventaire : reforme, 
lp - ERROR -    Palissy    : saint-françois
lp - ERROR -    Inventaire : saint-joseph, 
lp - ERROR - 
lp - ERROR - Orgue Palissy non trouvé dans l'inventaire: <object OrguePalissyOpenData PM61002314 61 Trun 61494 église Saint-Pierre-et-Paul orgue>
lp - ERROR - PM possibles : PM61002314
lp - ERROR - 
lp - ERROR - Orgue Palissy non trouvé dans l'inventaire: <object OrguePalissyOpenData PM68002084 68 Pfaffenheim 68255 chapelle de pèlerinage Notre-Dame du Schauenberg  orgue de tribune>
lp - ERROR - PM possibles : PM68002085,PM68002086,PM68002084
lp - ERROR -    Palissy    : de-pèlerinage-notre-dame-du-schauenberg
lp - ERROR -    Inventaire : saint-martin, 
lp - ERROR - 
lp - ERROR - Orgue Palissy non trouvé dans l'inventaire: <object OrguePalissyOpenData PM09000990 09 Montaut 09199 église Notre-Dame orgue à cylindres>
lp - ERROR - PM possibles : PM09000438,PM09000990
lp - ERROR -    Palissy    : notre-dame
lp - ERROR -    Inventaire : saint-michel, 
lp - ERROR - 
lp - ERROR - Orgue Palissy non trouvé dans l'inventaire: <object OrguePalissyOpenData PM80001680 80 Hombleux 80442 église orgue de tribune>
lp - ERROR - PM possibles : PM80001487,PM80001680
lp - ERROR - 
lp - ERROR - Orgue Palissy non trouvé dans l'inventaire: <object OrguePalissyOpenData PM59001984 59 Arneke 59285 église Saint-Martin orgue en totalité>
lp - ERROR - PM possibles : PM59001984
lp - ERROR - 
lp - ERROR - Orgue Palissy non trouvé dans l'inventaire: <object OrguePalissyOpenData PM69001268 69 Lyon 69003 église du Saint-Sacrement orgue en totalité>
lp - ERROR - PM possibles : PM69001268
lp - ERROR -    Palissy    : du-saint-sacrement
lp - ERROR -    Inventaire : saint-pierre, 
lp - ERROR - 
lp - ERROR - Orgue Palissy non trouvé dans l'inventaire: <object OrguePalissyOpenData PM57000708 57 Abreschviller 57003 église Saint-Quirin orgue de tribune>
lp - ERROR - PM possibles : PM57000002,PM57000708
lp - ERROR -    Palissy    : saint-quirin
lp - ERROR -    Inventaire : , 
lp - ERROR -    Palissy    : saint-quirin
lp - ERROR -    Inventaire : saint-pierre-aux-liens, 
lp - ERROR - 
lp - ERROR - Orgue Palissy non trouvé dans l'inventaire: <object OrguePalissyOpenData PM59001870 59 Bouvignies 59105 église Saint-Maurice orgue de tribune>
lp - ERROR - PM possibles : PM59001871,PM59001870
lp - ERROR - 
lp - ERROR - Orgue Palissy non trouvé dans l'inventaire: <object OrguePalissyOpenData PM59001873 59 Caëstre 59120 église Saint-Omer orgue de tribune>
lp - ERROR - PM possibles : PM59001874,PM59001873
lp - ERROR -    Palissy    : saint-omer
lp - ERROR -    Inventaire : notre-dame-de-grâce, 
lp - ERROR - 
lp - ERROR - Orgue Palissy non trouvé dans l'inventaire: <object OrguePalissyOpenData PM59001885 59 Curgies 59166 église de l'Immaculée-Conception orgue de tribune>
lp - ERROR - PM possibles : PM59000360,PM59001885
lp - ERROR - 
lp - ERROR - Orgue Palissy non trouvé dans l'inventaire: <object OrguePalissyOpenData PM59001931 59 Pont-sur-Sambre 59467 église de la Nativité-de-la-Vierge orgue de tribune>
lp - ERROR - PM possibles : PM59001932,PM59001931
lp - ERROR - 
lp - ERROR - Orgue Palissy non trouvé dans l'inventaire: <object OrguePalissyOpenData PM59001937 59 Raismes 59491 église Saint-Nicolas orgue de tribune>
lp - ERROR - PM possibles : PM59001938,PM59001937
lp - ERROR - 
lp - ERROR - Orgue Palissy non trouvé dans l'inventaire: <object OrguePalissyOpenData PM03000678 03 Lapalisse 03138 église Notre-Dame orgue de tribune>
lp - ERROR - PM possibles : PM03000220,PM03000678
lp - ERROR -    Palissy    : notre-dame
lp - ERROR -    Inventaire : saint-jean-baptiste, 
lp - WARNING - Plus d'un édifice de l'inventaire correspondant à l'objet dans Palissy <object OrguePalissyOpenData PM03000685 03 Moulins 03190 cathédrale Notre-Dame orgue de tribune> !
lp - ERROR - 
lp - ERROR - Orgue Palissy non trouvé dans l'inventaire: <object OrguePalissyOpenData PM43001032 43 Mazeyrat-d'Allier 43132 église Saint-Pierre orgue à cylindres>
lp - ERROR - PM possibles : PM43001032
lp - ERROR - 
lp - ERROR - Orgue Palissy non trouvé dans l'inventaire: <object OrguePalissyOpenData PM71001076 71 Saint-Vincent-des-Prés 71488 église orgue de tribune>
lp - ERROR - PM possibles : PM71000818,PM71001076
lp - ERROR - 
lp - ERROR - Orgue Palissy non trouvé dans l'inventaire: <object OrguePalissyOpenData PM83001468 83 Solliès-Ville 83132 église Saint-Michel orgue de tribune>
lp - ERROR - PM possibles : PM83000592,PM83001468
lp - ERROR - 
lp - ERROR - Orgue Palissy non trouvé dans l'inventaire: <object OrguePalissyOpenData PM04002991 04 La Bréole 04033 église orgue (orgue de choeur)>
lp - ERROR - PM possibles : PM04002991
lp - ERROR - 
lp - ERROR - Orgue Palissy non trouvé dans l'inventaire: <object OrguePalissyOpenData PM67000980 67 Strasbourg 67482 immeuble orgue>
lp - ERROR - PM possibles : PM67000394,PM67000980
lp - ERROR -    Palissy    : immeuble
lp - ERROR -    Inventaire : notre-dame, G.O.
lp - ERROR -    Palissy    : immeuble
lp - ERROR -    Inventaire : notre-dame, O.C.
lp - ERROR -    Palissy    : immeuble
lp - ERROR -    Inventaire : des-diaconesses, 
lp - ERROR -    Palissy    : immeuble
lp - ERROR -    Inventaire : du-grand-seminaire, 
lp - ERROR -    Palissy    : immeuble
lp - ERROR -    Inventaire : château-des-rohan, 
lp - ERROR -    Palissy    : immeuble
lp - ERROR -    Inventaire : cimetiere-nord, 
lp - ERROR -    Palissy    : immeuble
lp - ERROR -    Inventaire : clinique-de-la-toussaint, 
lp - ERROR -    Palissy    : immeuble
lp - ERROR -    Inventaire : clinique-saint-barbe, 
lp - ERROR -    Palissy    : immeuble
lp - ERROR -    Inventaire : clinique-sainte-anne-de-la-robertsau, 
lp - ERROR -    Palissy    : immeuble
lp - ERROR -    Inventaire : clinique-sainte-odile, 
lp - ERROR -    Palissy    : immeuble
lp - ERROR -    Inventaire : conservatoire-national-de-musique, 
lp - ERROR -    Palissy    : immeuble
lp - ERROR -    Inventaire : conservatoire-national-de-musique, 
lp - ERROR -    Palissy    : immeuble
lp - ERROR -    Inventaire : conservatoire-national-de-musique, 
lp - ERROR -    Palissy    : immeuble
lp - ERROR -    Inventaire : conservatoire-national-de-musique, 
lp - ERROR -    Palissy    : immeuble
lp - ERROR -    Inventaire : de-dominicains, 
lp - ERROR -    Palissy    : immeuble
lp - ERROR -    Inventaire : de-marie-reparatrice, 
lp - ERROR -    Palissy    : immeuble
lp - ERROR -    Inventaire : des-capucins, 
lp - ERROR -    Palissy    : immeuble
lp - ERROR -    Inventaire : des-sœurs-de-la-sainte-croix, 
lp - ERROR -    Palissy    : immeuble
lp - ERROR -    Inventaire : du-bon-pasteur, 
lp - ERROR -    Palissy    : immeuble
lp - ERROR -    Inventaire : du-bon-pasteur, 
lp - ERROR -    Palissy    : immeuble
lp - ERROR -    Inventaire : catholique-de-l'hôpital-civil, 
lp - ERROR -    Palissy    : immeuble
lp - ERROR -    Inventaire : catholique-saint-aloyse-de-neudorf, 
lp - ERROR -    Palissy    : immeuble
lp - ERROR -    Inventaire : catholique-saint-joseph-de-koenigshoffen, 
lp - ERROR -    Palissy    : immeuble
lp - ERROR -    Inventaire : catholique-saint-leon-de-neudorf, 
lp - ERROR -    Palissy    : immeuble
lp - ERROR -    Inventaire : de-la-sainte-trinite, 
lp - ERROR -    Palissy    : immeuble
lp - ERROR -    Inventaire : du-christ-ressuscite, 
lp - ERROR -    Palissy    : immeuble
lp - ERROR -    Inventaire : du-sacre-coeur-de-la-montagne-verte, 
lp - ERROR -    Palissy    : immeuble
lp - ERROR -    Inventaire : evangelique-lutherienne, 
lp - ERROR -    Palissy    : immeuble
lp - ERROR -    Inventaire : saint-pierre-le-jeune, 
lp - ERROR -    Palissy    : immeuble
lp - ERROR -    Inventaire : neo-apostolique, 
lp - ERROR -    Palissy    : immeuble
lp - ERROR -    Inventaire : notre-dame-de-lourdes, 
lp - ERROR -    Palissy    : immeuble
lp - ERROR -    Inventaire : de-cronenbourg-cite, 
lp - ERROR -    Palissy    : immeuble
lp - ERROR -    Inventaire : de-la-meinau, 
lp - ERROR -    Palissy    : immeuble
lp - ERROR -    Inventaire : de-la-resurrection,-au-neuhof, 
lp - ERROR -    Palissy    : immeuble
lp - ERROR -    Inventaire : de-la-robertsau, 
lp - ERROR -    Palissy    : immeuble
lp - ERROR -    Inventaire : de-neudorf, 
lp - ERROR -    Palissy    : immeuble
lp - ERROR -    Inventaire : du-neuhof-s-tockfeld, 
lp - ERROR -    Palissy    : immeuble
lp - ERROR -    Inventaire : du-port-du-rhin, 
lp - ERROR -    Palissy    : immeuble
lp - ERROR -    Inventaire : saint-pierre-le-vieux, 
lp - ERROR -    Palissy    : immeuble
lp - ERROR -    Inventaire : sainte-aurelie, 
lp - ERROR -    Palissy    : immeuble
lp - ERROR -    Inventaire : saint-guillaume, 
lp - ERROR -    Palissy    : immeuble
lp - ERROR -    Inventaire : saint-jean-de-la-montagne-verte, 
lp - ERROR -    Palissy    : immeuble
lp - ERROR -    Inventaire : saint-matthieu, 
lp - ERROR -    Palissy    : immeuble
lp - ERROR -    Inventaire : saint-nicolas, 
lp - ERROR -    Palissy    : immeuble
lp - ERROR -    Inventaire : saint-paul-de-koenigshoffen, 
lp - ERROR -    Palissy    : immeuble
lp - ERROR -    Inventaire : saint-paul-de-koenigshoffen-chapelle, 
lp - ERROR -    Palissy    : immeuble
lp - ERROR -    Inventaire : saint-sauveur, 
lp - ERROR -    Palissy    : immeuble
lp - ERROR -    Inventaire : saint-thomas, O.C.
lp - ERROR -    Palissy    : immeuble
lp - ERROR -    Inventaire : saint-thomas, G.O.
lp - ERROR -    Palissy    : immeuble
lp - ERROR -    Inventaire : saint-thomas,chapelle, 
lp - ERROR -    Palissy    : immeuble
lp - ERROR -    Inventaire : de-la-rue-du-bouclier, 
lp - ERROR -    Palissy    : immeuble
lp - ERROR -    Inventaire : saint-paul, 
lp - ERROR -    Palissy    : immeuble
lp - ERROR -    Inventaire : saint-paul, O.C.
lp - ERROR -    Palissy    : immeuble
lp - ERROR -    Inventaire : saint-amand-de-la-meinau, 
lp - ERROR -    Palissy    : immeuble
lp - ERROR -    Inventaire : saint-antoine, 
lp - ERROR -    Palissy    : immeuble
lp - ERROR -    Inventaire : saint-arbogast-de-la-montagne-verte, 
lp - ERROR -    Palissy    : immeuble
lp - ERROR -    Inventaire : sainte-jeanne-d'arc, 
lp - ERROR -    Palissy    : immeuble
lp - ERROR -    Inventaire : sainte-madeleine, 
lp - ERROR -    Palissy    : immeuble
lp - ERROR -    Inventaire : saint-etienne, 
lp - ERROR -    Palissy    : immeuble
lp - ERROR -    Inventaire : saint-florent-de-cronenbourg, G.O.
lp - ERROR -    Palissy    : immeuble
lp - ERROR -    Inventaire : saint-florent-de-cronenbourg, O.C.
lp - ERROR -    Palissy    : immeuble
lp - ERROR -    Inventaire : saint-ignace-du-neuhof, 
lp - ERROR -    Palissy    : immeuble
lp - ERROR -    Inventaire : saint-jean, 
lp - ERROR -    Palissy    : immeuble
lp - ERROR -    Inventaire : saint-louis, 
lp - ERROR -    Palissy    : immeuble
lp - ERROR -    Inventaire : saint-louis-de-la-robertsau, 
lp - ERROR -    Palissy    : immeuble
lp - ERROR -    Inventaire : saint-maurice, G.O.
lp - ERROR -    Palissy    : immeuble
lp - ERROR -    Inventaire : saint-nicolas, O.C.
lp - ERROR -    Palissy    : immeuble
lp - ERROR -    Inventaire : saint-pierre-le-jeune-catholique, 
lp - ERROR -    Palissy    : immeuble
lp - ERROR -    Inventaire : saint-pierre-le-vieux-catholique, 
lp - ERROR -    Palissy    : immeuble
lp - ERROR -    Inventaire : saint-vincent-de-paul-de-la-meinau, 
lp - ERROR -    Palissy    : immeuble
lp - ERROR -    Inventaire : foyer-protestant-de-neudorf, 
lp - ERROR -    Palissy    : immeuble
lp - ERROR -    Inventaire : gaz-de-strasbourg, 
lp - ERROR -    Palissy    : immeuble
lp - ERROR -    Inventaire : loge-maçonnique, 
lp - ERROR -    Palissy    : immeuble
lp - ERROR -    Inventaire : maison-de-retraite-emmaus, 
lp - ERROR -    Palissy    : immeuble
lp - ERROR -    Inventaire : maison-de-retraite-saint-joseph, 
lp - ERROR -    Palissy    : immeuble
lp - ERROR -    Inventaire : mission-catholique-italienne, 
lp - ERROR -    Palissy    : immeuble
lp - ERROR -    Inventaire : communaute-des-peres-assomptionistes, 
lp - ERROR -    Palissy    : immeuble
lp - ERROR -    Inventaire : palais-des-fêtes, 
lp - ERROR -    Palissy    : immeuble
lp - ERROR -    Inventaire : pensionnat-notre-dame-des-mineurs, 
lp - ERROR -    Palissy    : immeuble
lp - ERROR -    Inventaire : neuf, 
lp - WARNING - Plus d'un édifice de l'inventaire correspondant à l'objet dans Palissy <object OrguePalissyOpenData PM67001128 67 Strasbourg 67482 église protestante Saint-Paul orgue de tribune> !
lp - WARNING - Plus d'un édifice de l'inventaire correspondant à l'objet dans Palissy <object OrguePalissyOpenData PM67001048 67 Lembach 67263 église protestante orgue de tribune> !
lp - ERROR - 
lp - ERROR - Orgue Palissy non trouvé dans l'inventaire: <object OrguePalissyOpenData PM55001397 55 Commercy 55122 église Saint-Pantaléon orgue de tribune>
lp - ERROR - PM possibles : PM55000163,PM55001397
lp - ERROR - 
lp - ERROR - Orgue Palissy non trouvé dans l'inventaire: <object OrguePalissyOpenData PM59001954 59 Somain 59574 église Saint-Michel orgue de tribune>
lp - ERROR - PM possibles : PM59001955,PM59001954
lp - ERROR - 
lp - ERROR - Orgue Palissy non trouvé dans l'inventaire: <object OrguePalissyOpenData PM39003595 39 Toulouse-le-Château 39533 chapelle du château de Baudin orgue de choeur>
lp - ERROR - PM possibles : PM39003597,PM39003596,PM39003595
lp - ERROR - 
lp - ERROR - Orgue Palissy non trouvé dans l'inventaire: <object OrguePalissyOpenData PM06002749 06 Nice 06088 Villa Beau-Site orgue positif>
lp - ERROR - PM possibles : PM06002749
lp - ERROR -    Palissy    : villa-beau-site
lp - ERROR -    Inventaire : sainte-reparate, G.O.
lp - ERROR -    Palissy    : villa-beau-site
lp - ERROR -    Inventaire : sainte-reparate, O.C.
lp - ERROR -    Palissy    : villa-beau-site
lp - ERROR -    Inventaire : de-l'ecole-de-la-providence, 
lp - ERROR -    Palissy    : villa-beau-site
lp - ERROR -    Inventaire : de-la-misericorde, 
lp - ERROR -    Palissy    : villa-beau-site
lp - ERROR -    Inventaire : de-la-tres-sainte-trinite, 
lp - ERROR -    Palissy    : villa-beau-site
lp - ERROR -    Inventaire : des-penitents-bleus, 
lp - ERROR -    Palissy    : villa-beau-site
lp - ERROR -    Inventaire : hôpital-sainte-marie, 
lp - ERROR -    Palissy    : villa-beau-site
lp - ERROR -    Inventaire : sainte-rita, 
lp - ERROR -    Palissy    : villa-beau-site
lp - ERROR -    Inventaire : conservatoire-national-de-region, 
lp - ERROR -    Palissy    : villa-beau-site
lp - ERROR -    Inventaire : conservatoire-national-de-region, 
lp - ERROR -    Palissy    : villa-beau-site
lp - ERROR -    Inventaire : conservatoire-national-de-region, 
lp - ERROR -    Palissy    : villa-beau-site
lp - ERROR -    Inventaire : conservatoire-national-de-region, 
lp - ERROR -    Palissy    : villa-beau-site
lp - ERROR -    Inventaire : conservatoire-national-de-region, 
lp - ERROR -    Palissy    : villa-beau-site
lp - ERROR -    Inventaire : , 
lp - ERROR -    Palissy    : villa-beau-site
lp - ERROR -    Inventaire : du-sacre-cœur, 
lp - ERROR -    Palissy    : villa-beau-site
lp - ERROR -    Inventaire : jeanne-d'arc, 
lp - ERROR -    Palissy    : villa-beau-site
lp - ERROR -    Inventaire : jeanne-d'arc, 
lp - ERROR -    Palissy    : villa-beau-site
lp - ERROR -    Inventaire : , 
lp - ERROR -    Palissy    : villa-beau-site
lp - ERROR -    Inventaire : notre-dame, G.O.
lp - ERROR -    Palissy    : villa-beau-site
lp - ERROR -    Inventaire : notre-dame, O.C.
lp - ERROR -    Palissy    : villa-beau-site
lp - ERROR -    Inventaire : notre-dame-auxiliatrice, 
lp - ERROR -    Palissy    : villa-beau-site
lp - ERROR -    Inventaire : notre-dame-de-l'assomption, 
lp - ERROR -    Palissy    : villa-beau-site
lp - ERROR -    Inventaire : notre-dame-du-port, 
lp - ERROR -    Palissy    : villa-beau-site
lp - ERROR -    Inventaire : de-france, 
lp - ERROR -    Palissy    : villa-beau-site
lp - ERROR -    Inventaire : saint-augustin, 
lp - ERROR -    Palissy    : villa-beau-site
lp - ERROR -    Inventaire : saint-barthelemy, 
lp - ERROR -    Palissy    : villa-beau-site
lp - ERROR -    Inventaire : sainte-helene, 
lp - ERROR -    Palissy    : villa-beau-site
lp - ERROR -    Inventaire : saint-etienne, 
lp - ERROR -    Palissy    : villa-beau-site
lp - ERROR -    Inventaire : saint-françois-de-paule, 
lp - ERROR -    Palissy    : villa-beau-site
lp - ERROR -    Inventaire : saint-jacques-dite-du-gesù, 
lp - ERROR -    Palissy    : villa-beau-site
lp - ERROR -    Inventaire : saint-jean-baptiste, G.O.
lp - ERROR -    Palissy    : villa-beau-site
lp - ERROR -    Inventaire : saint-jean-baptiste, O.C. 1
lp - ERROR -    Palissy    : villa-beau-site
lp - ERROR -    Inventaire : saint-jean-baptiste, O.C. 2
lp - ERROR -    Palissy    : villa-beau-site
lp - ERROR -    Inventaire : saint-paul, 
lp - ERROR -    Palissy    : villa-beau-site
lp - ERROR -    Inventaire : saint-pierre-d'arene, G.O.
lp - ERROR -    Palissy    : villa-beau-site
lp - ERROR -    Inventaire : saint-pierre-d'arene, O.C.
lp - ERROR -    Palissy    : villa-beau-site
lp - ERROR -    Inventaire : saint-roch, 
lp - ERROR -    Palissy    : villa-beau-site
lp - ERROR -    Inventaire : , 
lp - ERROR -    Palissy    : villa-beau-site
lp - ERROR -    Inventaire : sainte-reparate, positif
lp - ERROR - 
lp - ERROR - Orgue Palissy non trouvé dans l'inventaire: <object OrguePalissyOpenData PM06002758 06 Villefranche-sur-Mer 06159 église Saint-Marcel orgue de tribune>
lp - ERROR - PM possibles : PM06002759,PM06002758
lp - ERROR -    Palissy    : saint-marcel
lp - ERROR -    Inventaire : saint-michel, 
lp - ERROR - 
lp - ERROR - Orgue Palissy non trouvé dans l'inventaire: <object OrguePalissyOpenData PM13001751 13 Allauch 13002 Chapelle Notre-Dame-de-Beauvois orgue de tribune>
lp - ERROR - PM possibles : PM13000275,PM13001751
lp - ERROR -    Palissy    : notre-dame-de-beauvois
lp - ERROR -    Inventaire : saint-laurent-de-la-bourdonniere, 
lp - ERROR -    Palissy    : notre-dame-de-beauvois
lp - ERROR -    Inventaire : saint-sebastien, 
lp - ERROR - 
lp - ERROR - Orgue Palissy non trouvé dans l'inventaire: <object OrguePalissyOpenData PM43001036 43 Saint-Ilpize 43195 église Sainte-Madeleine orgue à cylindres>
lp - ERROR - PM possibles : PM43001036
lp - ERROR - 
lp - ERROR - Orgue Palissy non trouvé dans l'inventaire: <object OrguePalissyOpenData PM81000647 81 Albi 81004 siège de l'association Saint-Jean de Veyrière Rayssac orgue de tribune>
lp - ERROR - PM possibles : PM81000062,PM81000647
lp - ERROR -    Palissy    : siège-de-l'association-saint-jean-de-veyrière-rayssac
lp - ERROR -    Inventaire : sainte-cecile, G.O.
lp - ERROR -    Palissy    : siège-de-l'association-saint-jean-de-veyrière-rayssac
lp - ERROR -    Inventaire : sainte-cecile, O.C.
lp - ERROR -    Palissy    : siège-de-l'association-saint-jean-de-veyrière-rayssac
lp - ERROR -    Inventaire : grand-seminaire, 
lp - ERROR -    Palissy    : siège-de-l'association-saint-jean-de-veyrière-rayssac
lp - ERROR -    Inventaire : de-la-madeleine, 
lp - ERROR -    Palissy    : siège-de-l'association-saint-jean-de-veyrière-rayssac
lp - ERROR -    Inventaire : saint-joseph, 
lp - ERROR -    Palissy    : siège-de-l'association-saint-jean-de-veyrière-rayssac
lp - ERROR -    Inventaire : saint-salvy, G.O.
lp - ERROR -    Palissy    : siège-de-l'association-saint-jean-de-veyrière-rayssac
lp - ERROR -    Inventaire : saint-salvy, O.C.
lp - ERROR -    Palissy    : siège-de-l'association-saint-jean-de-veyrière-rayssac
lp - ERROR -    Inventaire : hôpital-bon-sauveur,-chapelle, G.O.
lp - ERROR -    Palissy    : siège-de-l'association-saint-jean-de-veyrière-rayssac
lp - ERROR -    Inventaire : hôpital-bon-sauveur,-chapelle, O.C.
lp - ERROR - 
lp - ERROR - Orgue Palissy non trouvé dans l'inventaire: <object OrguePalissyOpenData PM80001678 80 L'Etoile 80296 église Saint-Jacques orgue de tribune>
lp - ERROR - PM possibles : PM80001495,PM80001678
lp - ERROR - 
lp - ERROR - Orgue Palissy non trouvé dans l'inventaire: <object OrguePalissyOpenData PM93000475 93 Montreuil 93048 église Saint-André-du-Bas-Montreuil orgue de choeur>
lp - ERROR - PM possibles : PM93000476,PM93000475
lp - ERROR -    Palissy    : saint-andré-du-bas-montreuil
lp - ERROR -    Inventaire : saint-pierre-&-saint-paul, G.O.
lp - ERROR -    Palissy    : saint-andré-du-bas-montreuil
lp - ERROR -    Inventaire : saint-pierre-&-saint-paul, O.C.
lp - WARNING - Plus d'un édifice de l'inventaire correspondant à l'objet dans Palissy <object OrguePalissyOpenData PM68000966 68 Riedisheim 68271 église Notre-Dame, couvent des Rédemptoristes orgue de tribune> !
lp - ERROR - 
lp - ERROR - Orgue Palissy non trouvé dans l'inventaire: <object OrguePalissyOpenData PM67001036 67 Kolbsheim 67247 église simultanée Saint-Léger orgue de tribune>
lp - ERROR - PM possibles : PM67001037,PM67001036
lp - WARNING - Plus d'un édifice de l'inventaire correspondant à l'objet dans Palissy <object OrguePalissyOpenData PM04002996 04 Digne-les-Bains 04070 cathédrale Saint-Jérôme orgue (orgue de choeur)> !
lp - ERROR - 
lp - ERROR - Orgue Palissy non trouvé dans l'inventaire: <object OrguePalissyOpenData PM61002312 61 Ceton 61079 église Saint-Pierre orgue>
lp - ERROR - PM possibles : PM61002312
lp - ERROR - 
lp - ERROR - Orgue Palissy non trouvé dans l'inventaire: <object OrguePalissyOpenData PM61002316 61 Ferté-en-Ouche(La) 61167 église Notre-Dame orgue>
lp - ERROR - PM possibles : PM61002316
lp - ERROR -    Palissy    : notre-dame
lp - ERROR -    Inventaire : saint-guigner, 
lp - ERROR - 
lp - ERROR - Orgue Palissy non trouvé dans l'inventaire: <object OrguePalissyOpenData PM61002315 61 Ferté-en-Ouche(La) 61167 église Saint-Aignan orgue>
lp - ERROR - PM possibles : PM61002315
lp - ERROR -    Palissy    : saint-aignan
lp - ERROR -    Inventaire : saint-guigner, 
lp - ERROR - 
lp - ERROR - Orgue Palissy non trouvé dans l'inventaire: <object OrguePalissyOpenData PM02002503 02 La Flamengrie 02312 église orgue>
lp - ERROR - PM possibles : PM02002503
lp - ERROR - 
lp - ERROR - Orgue Palissy non trouvé dans l'inventaire: <object OrguePalissyOpenData PM07000447 07 Annonay 07010 chapelle de Vidalon-les-Annonay orgue de tribune>
lp - ERROR - PM possibles : PM07000021,PM07000447
lp - ERROR -    Palissy    : de-vidalon-les-annonay
lp - ERROR -    Inventaire : notre-dame, G.O.
lp - ERROR -    Palissy    : de-vidalon-les-annonay
lp - ERROR -    Inventaire : notre-dame, O.C.
lp - ERROR -    Palissy    : de-vidalon-les-annonay
lp - ERROR -    Inventaire : , 
lp - ERROR -    Palissy    : de-vidalon-les-annonay
lp - ERROR -    Inventaire : saint-françois-d'assise, 
lp - ERROR -    Palissy    : de-vidalon-les-annonay
lp - ERROR -    Inventaire : saint-joseph-du-cance, 
lp - ERROR - 
lp - ERROR - Orgue Palissy non trouvé dans l'inventaire: <object OrguePalissyOpenData PM74000667 74 Les Gets 74134 musée de la musique mécanique orgue à cylindres>
lp - ERROR - PM possibles : PM74000234,PM74000667
lp - ERROR - 
lp - ERROR - Orgue Palissy non trouvé dans l'inventaire: <object OrguePalissyOpenData PM92000265 92 Clichy 92024 église Saint-Médard orgue de tribune>
lp - ERROR - PM possibles : PM92000047,PM92000265
lp - ERROR -    Palissy    : saint-médard
lp - ERROR -    Inventaire : notre-dame-auxiliatrice, 
lp - ERROR -    Palissy    : saint-médard
lp - ERROR -    Inventaire : saint-vincent-de-paul, 
lp - ERROR - 
lp - ERROR - Orgue Palissy non trouvé dans l'inventaire: <object OrguePalissyOpenData PM59001970 59 Vieux-Reng 59618 église Saint-Cyriaque orgue de tribune>
lp - ERROR - PM possibles : PM59001971,PM59001970
lp - ERROR - 
lp - ERROR - Orgue Palissy non trouvé dans l'inventaire: <object OrguePalissyOpenData PM70003794 70 Faucogney-et-la-Mer 70227 église Saint-Georges orgue de tribune>
lp - ERROR - PM possibles : PM70000523,PM70000515,PM70003794
lp - ERROR -    Palissy    : saint-georges
lp - ERROR -    Inventaire : saint-martin, 
lp - ERROR - 
lp - ERROR - Orgue Palissy non trouvé dans l'inventaire: <object OrguePalissyOpenData PM63001954 63 Ceyrat 63070 église Saint-Martin orgue à cylindres>
lp - ERROR - PM possibles : PM63001954
lp - ERROR - 
lp - ERROR - Orgue Palissy non trouvé dans l'inventaire: <object OrguePalissyOpenData PM76003237 76 Saint-Valery-en-Caux 76655 église Saint-Martin orgue de tribune>
lp - ERROR - PM possibles : PM76002151,PM76003237
lp - ERROR -    Palissy    : saint-martin
lp - ERROR -    Inventaire : saint-valery, G.O.
lp - ERROR -    Palissy    : saint-martin
lp - ERROR -    Inventaire : saint-valery, O.C.
lp - ERROR - 
lp - ERROR - Orgue Palissy non trouvé dans l'inventaire: <object OrguePalissyOpenData PM2B000802 2B Canari 2B058 église Saint-François orgue de tribune>
lp - ERROR - PM possibles : PM2B000803,PM2B000804,PM2B000802
lp - ERROR -    Palissy    : saint-françois
lp - ERROR -    Inventaire : notre-dame-de-l'assomption, 
lp - ERROR - 
lp - ERROR - Orgue Palissy non trouvé dans l'inventaire: <object OrguePalissyOpenData PM2B000805 2B Castifao 2B080 église Saint-François orgue de tribune>
lp - ERROR - PM possibles : PM2B000479,PM2B000805
lp - ERROR -    Palissy    : saint-françois
lp - ERROR -    Inventaire : saint-nicolas, 
lp - ERROR - 
lp - ERROR - Orgue Palissy non trouvé dans l'inventaire: <object OrguePalissyOpenData PM68000899 68 Meyenheim 68205 église paroissiale Saint-Pierre-Saint-Paul orgue>
lp - ERROR - PM possibles : PM68000243,PM68000899
lp - ERROR - 
lp - ERROR - Orgue Palissy non trouvé dans l'inventaire: <object OrguePalissyOpenData PM59001985 59 Bambecque 59470 église Saint-Omer ensemble composé de deux orgues>
lp - ERROR - PM possibles : PM59001985
