Saint-Quay-Portrieux : église Saint-Michel ou bien ND de la Ronce (Google) ?
Nota : les noms de chapelle de couvent ne sont pas clairs (ex : Augustines de Saint-Brieuc).
Paimpol : ND de bonne nouvelles ou saint-Pierre-et-saint-paul ?
Camaret : Saint-Rémi (OSM) ou Saint-Rémy ?

Guimiliau	église Saint-Mathieu
Nota : De temps en temps, le nom de l'église est bon mais l'attribut building est à yes et non à church. (ex : Mordelles)

Landivisiau : Thuriau ou Thivisiau ?

Introuvable : FR-29229-QUEME-NDKERG-X	Quéménéven	chapelle Notre-Dame de Kergoat

Non sûr : bâtiment chapelle des soeurs augustines de Pont-l'Abbé

Quimper Gourmelen : chapelle Saint-Athanase ou chapelle du Saint-Esprit ?

Scaer : église Saint-Alain et Sainte-Candide que Ste Candide dans OSM

Bréal\Montfort : SaintPierre ou SaintMalo (OSM ?)

CorpsNuds : SaintPierre ou Saint Maximilien K (OSM).
Nota : parfois inversion des deux saints (ex: Monterfil Saint ETienne et Genou)

Chateaubourg : introuvable/

Nota : taper dans la commune associée (ex : Montours vs Portes du Coglais)

Rennes université Rennes II
Tinténiac : Sainte Trinité (OSM) ou Assomption ?
Nota : les accents : ex : Saint-Eloi de Saint-M'Hervé

introuvale : Guer / StJEanne d'arc (St Raoul ?)

Paramé à rennommer en Saint-Malo

Nota : confusion avec noms de paroisses...

Incertain : religieuses de St Méen

RENNES II Université : introuvable
Créhen	chapelle des sœurs de la Divine Providence : introuvable 



